Using pre-set license
Built from '2022.1/staging' branch; Version is '2022.1.23f1 (9636b062134a) revision 9844400'; Using compiler version '192829333'; Build Type 'Release'
OS: 'Windows 10  (10.0.19045) 64bit Professional' Language: 'en' Physical Memory: 16173 MB
BatchMode: 1, IsHumanControllingUs: 0, StartBugReporterOnCrash: 0, Is64bit: 1, IsPro: 1

COMMAND LINE ARGUMENTS:
C:\Program Files\Unity\Hub\Editor\2022.1.23f1\Editor\Unity.exe
-adb2
-batchMode
-noUpm
-name
AssetImportWorker9
-projectPath
C:/Users/Parisa/wkspaces/UserStudy_main/VarjoMRTKProject
-logFile
Logs/AssetImportWorker9.log
-srvPort
64071
Successfully changed project path to: C:/Users/Parisa/wkspaces/UserStudy_main/VarjoMRTKProject
C:/Users/Parisa/wkspaces/UserStudy_main/VarjoMRTKProject
[UnityMemory] Configuration Parameters - Can be set up in boot.config
    "memorysetup-bucket-allocator-granularity=16"
    "memorysetup-bucket-allocator-bucket-count=8"
    "memorysetup-bucket-allocator-block-size=33554432"
    "memorysetup-bucket-allocator-block-count=8"
    "memorysetup-main-allocator-block-size=16777216"
    "memorysetup-thread-allocator-block-size=16777216"
    "memorysetup-gfx-main-allocator-block-size=16777216"
    "memorysetup-gfx-thread-allocator-block-size=16777216"
    "memorysetup-cache-allocator-block-size=4194304"
    "memorysetup-typetree-allocator-block-size=2097152"
    "memorysetup-profiler-bucket-allocator-granularity=16"
    "memorysetup-profiler-bucket-allocator-bucket-count=8"
    "memorysetup-profiler-bucket-allocator-block-size=33554432"
    "memorysetup-profiler-bucket-allocator-block-count=8"
    "memorysetup-profiler-allocator-block-size=16777216"
    "memorysetup-profiler-editor-allocator-block-size=1048576"
    "memorysetup-temp-allocator-size-main=16777216"
    "memorysetup-job-temp-allocator-block-size=2097152"
    "memorysetup-job-temp-allocator-block-size-background=1048576"
    "memorysetup-job-temp-allocator-reduction-small-platforms=262144"
    "memorysetup-temp-allocator-size-background-worker=32768"
    "memorysetup-temp-allocator-size-job-worker=262144"
    "memorysetup-temp-allocator-size-preload-manager=33554432"
    "memorysetup-temp-allocator-size-nav-mesh-worker=65536"
    "memorysetup-temp-allocator-size-audio-worker=65536"
    "memorysetup-temp-allocator-size-cloud-worker=32768"
    "memorysetup-temp-allocator-size-gi-baking-worker=262144"
    "memorysetup-temp-allocator-size-gfx=262144"
Refreshing native plugins compatible for Editor in 174.29 ms, found 18 plugins.
Preloading 0 native plugins for Editor in 0.00 ms.
Initialize engine version: 2022.1.23f1 (9636b062134a)
[Subsystems] Discovering subsystems at path C:/Program Files/Unity/Hub/Editor/2022.1.23f1/Editor/Data/Resources/UnitySubsystems
[Subsystems] Discovering subsystems at path C:/Users/Parisa/wkspaces/UserStudy_main/VarjoMRTKProject/Assets
GfxDevice: creating device client; threaded=0; jobified=0
Direct3D:
    Version:  Direct3D 11.0 [level 11.1]
    Renderer: NVIDIA GeForce RTX 2080 with Max-Q Design (ID=0x1e90)
    Vendor:   NVIDIA
    VRAM:     8010 MB
    Driver:   30.0.15.1298
Initialize mono
Mono path[0] = 'C:/Program Files/Unity/Hub/Editor/2022.1.23f1/Editor/Data/Managed'
Mono path[1] = 'C:/Program Files/Unity/Hub/Editor/2022.1.23f1/Editor/Data/MonoBleedingEdge/lib/mono/unityjit-win32'
Mono config path = 'C:/Program Files/Unity/Hub/Editor/2022.1.23f1/Editor/Data/MonoBleedingEdge/etc'
Using monoOptions --debugger-agent=transport=dt_socket,embedding=1,server=y,suspend=n,address=127.0.0.1:56140
Begin MonoManager ReloadAssembly
Registering precompiled unity dll's ...
Register platform support module: C:/Program Files/Unity/Hub/Editor/2022.1.23f1/Editor/Data/PlaybackEngines/iOSSupport/UnityEditor.iOS.Extensions.dll
Register platform support module: C:/Program Files/Unity/Hub/Editor/2022.1.23f1/Editor/Data/PlaybackEngines/WindowsStandaloneSupport/UnityEditor.WindowsStandalone.Extensions.dll
Register platform support module: C:/Program Files/Unity/Hub/Editor/2022.1.23f1/Editor/Data/PlaybackEngines/MetroSupport/UnityEditor.UWP.Extensions.dll
Registered in 0.008549 seconds.
Native extension for UWP target not found
Native extension for WindowsStandalone target not found
[usbmuxd] Start listen thread
[usbmuxd] Listen thread started
[usbmuxd] Send listen message
Native extension for iOS target not found
Refreshing native plugins compatible for Editor in 152.63 ms, found 18 plugins.
Preloading 0 native plugins for Editor in 0.00 ms.
Mono: successfully reloaded assembly
- Completed reload, in  0.717 seconds
Domain Reload Profiling:
	ReloadAssembly (717ms)
		BeginReloadAssembly (69ms)
			ExecutionOrderSort (0ms)
			DisableScriptedObjects (0ms)
			BackupInstance (0ms)
			ReleaseScriptingObjects (0ms)
			CreateAndSetChildDomain (1ms)
		EndReloadAssembly (536ms)
			LoadAssemblies (68ms)
			RebuildTransferFunctionScriptingTraits (0ms)
			SetupTypeCache (111ms)
				TypeCache.Initialize (110ms)
					TypeCache.ScanAssembly (109ms)
				ResolveRequiredComponents (0ms)
			ReleaseScriptCaches (0ms)
			RebuildScriptCaches (25ms)
			SetupLoadedEditorAssemblies (348ms)
				LogAssemblyErrors (0ms)
				InitializePlatformSupportModulesInManaged (24ms)
				SetLoadedEditorAssemblies (6ms)
				RefreshPlugins (153ms)
				BeforeProcessingInitializeOnLoad (1ms)
				ProcessInitializeOnLoadAttributes (119ms)
				ProcessInitializeOnLoadMethodAttributes (45ms)
				AfterProcessingInitializeOnLoad (0ms)
				EditorAssembliesLoaded (0ms)
			ExecutionOrderSort2 (0ms)
			AwakeInstancesAfterBackupRestoration (0ms)
Platform modules already initialized, skipping
Registering precompiled user dll's ...
Registered in 0.014121 seconds.
Begin MonoManager ReloadAssembly
Symbol file LoadedFromMemory doesn't match image C:\Users\Parisa\wkspaces\UserStudy_main\VarjoMRTKProject\Library\PackageCache\com.unity.visualscripting@1.7.8\Editor\VisualScripting.Core\Dependencies\DotNetZip\Unity.VisualScripting.IonicZip.dll
Symbol file LoadedFromMemory doesn't match image C:\Users\Parisa\wkspaces\UserStudy_main\VarjoMRTKProject\Library\PackageCache\com.unity.visualscripting@1.7.8\Editor\VisualScripting.Core\Dependencies\YamlDotNet\Unity.VisualScripting.YamlDotNet.dll
Native extension for UWP target not found
Native extension for WindowsStandalone target not found
Native extension for iOS target not found
Refreshing native plugins compatible for Editor in 159.96 ms, found 18 plugins.
Preloading 0 native plugins for Editor in 0.00 ms.
Package Manager log level set to [2]
[Package Manager] Server::EnsureServerProcessIsRunning -- launch failed, reason: Unity was launched with the -noUpm command-line argument
[Package Manager] UpmClient::Send -- Unable to send message (not connected to UPM process).
[Package Manager] Cannot connect to Unity Package Manager local server
Mono: successfully reloaded assembly
[Package Manager] Server::EnsureServerProcessIsRunning -- launch failed, reason: Unity was launched with the -noUpm command-line argument
[Package Manager] UpmClient::Send -- Unable to send message (not connected to UPM process).
[Package Manager] Cannot connect to Unity Package Manager local server
[Package Manager] Server::EnsureServerProcessIsRunning -- launch failed, reason: Unity was launched with the -noUpm command-line argument
[Package Manager] UpmClient::Send -- Unable to send message (not connected to UPM process).
[Package Manager] Cannot connect to Unity Package Manager local server
- Completed reload, in  2.159 seconds
Domain Reload Profiling:
	ReloadAssembly (2159ms)
		BeginReloadAssembly (114ms)
			ExecutionOrderSort (0ms)
			DisableScriptedObjects (5ms)
			BackupInstance (0ms)
			ReleaseScriptingObjects (0ms)
			CreateAndSetChildDomain (20ms)
		EndReloadAssembly (1930ms)
			LoadAssemblies (108ms)
			RebuildTransferFunctionScriptingTraits (0ms)
			SetupTypeCache (344ms)
				TypeCache.Initialize (325ms)
					TypeCache.ScanAssembly (321ms)
				ResolveRequiredComponents (19ms)
			ReleaseScriptCaches (1ms)
			RebuildScriptCaches (98ms)
			SetupLoadedEditorAssemblies (1315ms)
				LogAssemblyErrors (0ms)
				InitializePlatformSupportModulesInManaged (18ms)
				SetLoadedEditorAssemblies (9ms)
				RefreshPlugins (160ms)
				BeforeProcessingInitializeOnLoad (176ms)
				ProcessInitializeOnLoadAttributes (829ms)
				ProcessInitializeOnLoadMethodAttributes (116ms)
				AfterProcessingInitializeOnLoad (7ms)
				EditorAssembliesLoaded (0ms)
			ExecutionOrderSort2 (0ms)
			AwakeInstancesAfterBackupRestoration (8ms)
Platform modules already initialized, skipping
========================================================================
Worker process is ready to serve import requests
Launched and connected shader compiler UnityShaderCompiler.exe after 0.04 seconds
Refreshing native plugins compatible for Editor in 1.53 ms, found 18 plugins.
Preloading 0 native plugins for Editor in 0.00 ms.
Unloading 7867 Unused Serialized files (Serialized files now loaded: 0)
Unloading 60 unused Assets / (354.9 KB). Loaded Objects now: 8340.
Memory consumption went from 1.20 GB to 1.20 GB.
Total: 5.792600 ms (FindLiveObjects: 0.865900 ms CreateObjectMapping: 0.997700 ms MarkObjects: 3.757300 ms  DeleteObjects: 0.170800 ms)

AssetImportParameters requested are different than current active one (requested -> active):
  custom:video-decoder-ogg-theora: a1e56fd34408186e4bbccfd4996cb3dc -> 
  custom:container-muxer-webm: aa71ff27fc2769a1b78a27578f13a17b -> 
  custom:container-demuxer-webm: 4f35f7cbe854078d1ac9338744f61a02 -> 
  custom:video-encoder-webm-vp8: eb34c28f22e8b96e1ab97ce403110664 -> 
  custom:audio-encoder-webm-vorbis: bf7c407c2cedff20999df2af8eb42d56 -> 
  custom:framework-win-MediaFoundation: 216162199b28c13a410421893ffa2e32 -> 
  custom:container-demuxer-ogg: 62fdf1f143b41e24485cea50d1cbac27 -> 
  custom:video-decoder-webm-vp8: 9c59270c3fd7afecdb556c50c9e8de78 -> 
  custom:audio-decoder-ogg-vorbis: bf7c407c2cedff20999df2af8eb42d56 -> 
========================================================================
Received Import Request.
  Time since last request: 171569.306601 seconds.
  path: Assets/Prefabs/InteractionModeMenu/Tooltips/HandCutterTooltip.prefab
  artifactKey: Guid(8920b5efc3383f34bb6c2c1db55bdea2) Importer(815301076,1909f56bfc062723c751e8b465ee728b)
Start importing Assets/Prefabs/InteractionModeMenu/Tooltips/HandCutterTooltip.prefab using Guid(8920b5efc3383f34bb6c2c1db55bdea2) Importer(815301076,1909f56bfc062723c751e8b465ee728b)  -> (artifact id: '59e402a2936168011a8cc3837ddb988f') in 0.374706 seconds 
========================================================================
Received Prepare
Registering precompiled user dll's ...
Registered in 0.015567 seconds.
Begin MonoManager ReloadAssembly
Symbol file LoadedFromMemory doesn't match image C:\Users\Parisa\wkspaces\UserStudy_main\VarjoMRTKProject\Library\PackageCache\com.unity.visualscripting@1.7.8\Editor\VisualScripting.Core\Dependencies\DotNetZip\Unity.VisualScripting.IonicZip.dll
Symbol file LoadedFromMemory doesn't match image C:\Users\Parisa\wkspaces\UserStudy_main\VarjoMRTKProject\Library\PackageCache\com.unity.visualscripting@1.7.8\Editor\VisualScripting.Core\Dependencies\YamlDotNet\Unity.VisualScripting.YamlDotNet.dll
Native extension for UWP target not found
Native extension for WindowsStandalone target not found
Native extension for iOS target not found
Refreshing native plugins compatible for Editor in 1.67 ms, found 18 plugins.
Preloading 0 native plugins for Editor in 0.00 ms.
[Package Manager] Server::EnsureServerProcessIsRunning -- launch failed, reason: Unity was launched with the -noUpm command-line argument
[Package Manager] UpmClient::Send -- Unable to send message (not connected to UPM process).
[Package Manager] Cannot connect to Unity Package Manager local server
Mono: successfully reloaded assembly
[Package Manager] Server::EnsureServerProcessIsRunning -- launch failed, reason: Unity was launched with the -noUpm command-line argument
[Package Manager] UpmClient::Send -- Unable to send message (not connected to UPM process).
[Package Manager] Cannot connect to Unity Package Manager local server
- Completed reload, in  1.533 seconds
Domain Reload Profiling:
	ReloadAssembly (1533ms)
		BeginReloadAssembly (160ms)
			ExecutionOrderSort (0ms)
			DisableScriptedObjects (8ms)
			BackupInstance (0ms)
			ReleaseScriptingObjects (0ms)
			CreateAndSetChildDomain (59ms)
		EndReloadAssembly (1279ms)
			LoadAssemblies (97ms)
			RebuildTransferFunctionScriptingTraits (0ms)
			SetupTypeCache (363ms)
				TypeCache.Initialize (343ms)
					TypeCache.ScanAssembly (338ms)
				ResolveRequiredComponents (20ms)
			ReleaseScriptCaches (2ms)
			RebuildScriptCaches (51ms)
			SetupLoadedEditorAssemblies (660ms)
				LogAssemblyErrors (0ms)
				InitializePlatformSupportModulesInManaged (32ms)
				SetLoadedEditorAssemblies (6ms)
				RefreshPlugins (2ms)
				BeforeProcessingInitializeOnLoad (120ms)
				ProcessInitializeOnLoadAttributes (394ms)
				ProcessInitializeOnLoadMethodAttributes (99ms)
				AfterProcessingInitializeOnLoad (7ms)
				EditorAssembliesLoaded (0ms)
			ExecutionOrderSort2 (0ms)
			AwakeInstancesAfterBackupRestoration (23ms)
Platform modules already initialized, skipping
Refreshing native plugins compatible for Editor in 5.70 ms, found 18 plugins.
Preloading 0 native plugins for Editor in 0.00 ms.
Unloading 7687 Unused Serialized files (Serialized files now loaded: 0)
Unloading 65 unused Assets / (1.0 MB). Loaded Objects now: 8400.
Memory consumption went from 1.17 GB to 1.17 GB.
Total: 4.900300 ms (FindLiveObjects: 0.480800 ms CreateObjectMapping: 0.542400 ms MarkObjects: 3.493100 ms  DeleteObjects: 0.383200 ms)

AssetImportParameters requested are different than current active one (requested -> active):
  custom:video-decoder-ogg-theora: a1e56fd34408186e4bbccfd4996cb3dc -> 
  custom:container-muxer-webm: aa71ff27fc2769a1b78a27578f13a17b -> 
  custom:container-demuxer-webm: 4f35f7cbe854078d1ac9338744f61a02 -> 
  custom:video-encoder-webm-vp8: eb34c28f22e8b96e1ab97ce403110664 -> 
  custom:audio-encoder-webm-vorbis: bf7c407c2cedff20999df2af8eb42d56 -> 
  custom:framework-win-MediaFoundation: 216162199b28c13a410421893ffa2e32 -> 
  custom:container-demuxer-ogg: 62fdf1f143b41e24485cea50d1cbac27 -> 
  custom:video-decoder-webm-vp8: 9c59270c3fd7afecdb556c50c9e8de78 -> 
  custom:audio-decoder-ogg-vorbis: bf7c407c2cedff20999df2af8eb42d56 -> 
========================================================================
Received Import Request.
  Time since last request: 766.342412 seconds.
  path: Assets/Plugins/LeapMotion/Modules/InteractionEngine/Examples/Common Example Assets/Materials/IE Example Unlit Text BG Light.mat
  artifactKey: Guid(13c8d12cf9f998048a24a2f7adc62041) Importer(815301076,1909f56bfc062723c751e8b465ee728b)
Start importing Assets/Plugins/LeapMotion/Modules/InteractionEngine/Examples/Common Example Assets/Materials/IE Example Unlit Text BG Light.mat using Guid(13c8d12cf9f998048a24a2f7adc62041) Importer(815301076,1909f56bfc062723c751e8b465ee728b)  -> (artifact id: '7d7f1f07de11810b4df20cc318afb45f') in 0.271815 seconds 
========================================================================
Received Import Request.
  Time since last request: 453.554271 seconds.
  path: Assets/Prefabs/HandSubMenu.prefab
  artifactKey: Guid(83dfbd26a71c8af40a30246c0b83af5e) Importer(815301076,1909f56bfc062723c751e8b465ee728b)
Start importing Assets/Prefabs/HandSubMenu.prefab using Guid(83dfbd26a71c8af40a30246c0b83af5e) Importer(815301076,1909f56bfc062723c751e8b465ee728b)  -> (artifact id: '98b6bab6aa0d14373ec4a0619522becc') in 0.131939 seconds 
========================================================================
Received Import Request.
  Time since last request: 2.107543 seconds.
  path: Assets/Prefabs/HandSubMenu.prefab
  artifactKey: Guid(83dfbd26a71c8af40a30246c0b83af5e) Importer(815301076,1909f56bfc062723c751e8b465ee728b)
Start importing Assets/Prefabs/HandSubMenu.prefab using Guid(83dfbd26a71c8af40a30246c0b83af5e) Importer(815301076,1909f56bfc062723c751e8b465ee728b)  -> (artifact id: '745e3b4e82207b5976b9a44b08b47897') in 0.029957 seconds 
========================================================================
Received Import Request.
  Time since last request: 0.000022 seconds.
  path: Assets/Prefabs/SubMenuTogglePanelIcon.prefab
  artifactKey: Guid(dffe5aebf3bdd7e438e45789678b3de3) Importer(815301076,1909f56bfc062723c751e8b465ee728b)
Start importing Assets/Prefabs/SubMenuTogglePanelIcon.prefab using Guid(dffe5aebf3bdd7e438e45789678b3de3) Importer(815301076,1909f56bfc062723c751e8b465ee728b)  -> (artifact id: '5b813457a9175c0042bec078fe5086ff') in 0.024231 seconds 
========================================================================
Received Import Request.
  Time since last request: 248.862252 seconds.
  path: Packages/com.microsoft.mixedreality.toolkit.standardassets/Materials/MRTK_Standard_Black.mat
  artifactKey: Guid(54322026142964d4084eda2478d9b1a2) Importer(815301076,1909f56bfc062723c751e8b465ee728b)
Start importing Packages/com.microsoft.mixedreality.toolkit.standardassets/Materials/MRTK_Standard_Black.mat using Guid(54322026142964d4084eda2478d9b1a2) Importer(815301076,1909f56bfc062723c751e8b465ee728b)  -> (artifact id: '3bbc4419ec7ff048c50e741e9d66f3a8') in 0.030548 seconds 
========================================================================
Received Import Request.
  Time since last request: 0.000027 seconds.
  path: Packages/com.microsoft.mixedreality.toolkit.standardassets/Materials/MRTK_Standard_DarkBrown.mat
  artifactKey: Guid(a7448698c15706f48905e44d8e76f2b5) Importer(815301076,1909f56bfc062723c751e8b465ee728b)
Start importing Packages/com.microsoft.mixedreality.toolkit.standardassets/Materials/MRTK_Standard_DarkBrown.mat using Guid(a7448698c15706f48905e44d8e76f2b5) Importer(815301076,1909f56bfc062723c751e8b465ee728b)  -> (artifact id: '001fad7c9ae34eda2937bd4fe88d5b0a') in 0.026825 seconds 
========================================================================
Received Import Request.
  Time since last request: 0.000027 seconds.
  path: Packages/com.microsoft.mixedreality.toolkit.standardassets/Materials/MRTK_Standard_Green.mat
  artifactKey: Guid(47f3c5e1cb6142ba9697cd4c86d74321) Importer(815301076,1909f56bfc062723c751e8b465ee728b)
Start importing Packages/com.microsoft.mixedreality.toolkit.standardassets/Materials/MRTK_Standard_Green.mat using Guid(47f3c5e1cb6142ba9697cd4c86d74321) Importer(815301076,1909f56bfc062723c751e8b465ee728b)  -> (artifact id: '8192485dc24719e82dba22421c3591af') in 0.034737 seconds 
========================================================================
Received Import Request.
  Time since last request: 0.000032 seconds.
  path: Packages/com.microsoft.mixedreality.toolkit.standardassets/Materials/MRTK_Standard_Lime.mat
  artifactKey: Guid(00665e2a669d4b0fab1965843b4c914b) Importer(815301076,1909f56bfc062723c751e8b465ee728b)
Start importing Packages/com.microsoft.mixedreality.toolkit.standardassets/Materials/MRTK_Standard_Lime.mat using Guid(00665e2a669d4b0fab1965843b4c914b) Importer(815301076,1909f56bfc062723c751e8b465ee728b)  -> (artifact id: 'c4dd9041736e13d4c0d6708d9318550e') in 0.017298 seconds 
========================================================================
Received Import Request.
  Time since last request: 0.000022 seconds.
  path: Packages/com.microsoft.mixedreality.toolkit.standardassets/Materials/MRTK_Standard_PurpleDesaturated.mat
  artifactKey: Guid(e4c84336a1663704083b58c1b3d8cedf) Importer(815301076,1909f56bfc062723c751e8b465ee728b)
Start importing Packages/com.microsoft.mixedreality.toolkit.standardassets/Materials/MRTK_Standard_PurpleDesaturated.mat using Guid(e4c84336a1663704083b58c1b3d8cedf) Importer(815301076,1909f56bfc062723c751e8b465ee728b)  -> (artifact id: '4d4fd41d233f72838c2c82dac9491f4d') in 0.017449 seconds 
========================================================================
Received Import Request.
  Time since last request: 0.000024 seconds.
  path: Packages/com.microsoft.mixedreality.toolkit.standardassets/Materials/MRTK_Standard_LimeDesaturated.mat
  artifactKey: Guid(56848fd596f082a43844edfc0e7647ae) Importer(815301076,1909f56bfc062723c751e8b465ee728b)
Start importing Packages/com.microsoft.mixedreality.toolkit.standardassets/Materials/MRTK_Standard_LimeDesaturated.mat using Guid(56848fd596f082a43844edfc0e7647ae) Importer(815301076,1909f56bfc062723c751e8b465ee728b)  -> (artifact id: '6054b32d5a289ca75e123f7c5b6dd4c1') in 0.017626 seconds 
========================================================================
Received Import Request.
  Time since last request: 0.000023 seconds.
  path: Packages/com.microsoft.mixedreality.toolkit.standardassets/Materials/MRTK_Standard_TransparentMagenta.mat
  artifactKey: Guid(6c0366ebfed014a40a2e6923663c7381) Importer(815301076,1909f56bfc062723c751e8b465ee728b)
Start importing Packages/com.microsoft.mixedreality.toolkit.standardassets/Materials/MRTK_Standard_TransparentMagenta.mat using Guid(6c0366ebfed014a40a2e6923663c7381) Importer(815301076,1909f56bfc062723c751e8b465ee728b)  -> (artifact id: '20d9d3bf5f473cd6e8f0cbc9d5af9ab8') in 0.017283 seconds 
========================================================================
Received Import Request.
  Time since last request: 0.000020 seconds.
  path: Packages/com.microsoft.mixedreality.toolkit.standardassets/Materials/MRTK_Standard_TransparentRed.mat
  artifactKey: Guid(635a27f13b7b26b4483bc1283d04803e) Importer(815301076,1909f56bfc062723c751e8b465ee728b)
Start importing Packages/com.microsoft.mixedreality.toolkit.standardassets/Materials/MRTK_Standard_TransparentRed.mat using Guid(635a27f13b7b26b4483bc1283d04803e) Importer(815301076,1909f56bfc062723c751e8b465ee728b)  -> (artifact id: '81b5ee313beb3a0a1fdf4f3e10af6e6e') in 0.016811 seconds 
========================================================================
Received Import Request.
  Time since last request: 0.000026 seconds.
  path: Packages/com.microsoft.mixedreality.toolkit.standardassets/Materials/MRTK_Standard_TransparentYellow.mat
  artifactKey: Guid(6a92a01febd262544a43a7fe54b88013) Importer(815301076,1909f56bfc062723c751e8b465ee728b)
Start importing Packages/com.microsoft.mixedreality.toolkit.standardassets/Materials/MRTK_Standard_TransparentYellow.mat using Guid(6a92a01febd262544a43a7fe54b88013) Importer(815301076,1909f56bfc062723c751e8b465ee728b)  -> (artifact id: 'e109380f8b16a4298ed285c573c8598e') in 0.017077 seconds 
========================================================================
Received Import Request.
  Time since last request: 0.000024 seconds.
  path: Packages/com.microsoft.mixedreality.toolkit.standardassets/Materials/MRTK_Standard_UnlitWhite.mat
  artifactKey: Guid(8f2fb2809320347428c67ea7c78ef4c5) Importer(815301076,1909f56bfc062723c751e8b465ee728b)
Start importing Packages/com.microsoft.mixedreality.toolkit.standardassets/Materials/MRTK_Standard_UnlitWhite.mat using Guid(8f2fb2809320347428c67ea7c78ef4c5) Importer(815301076,1909f56bfc062723c751e8b465ee728b)  -> (artifact id: '270f6ef945681c394ffc684d31b55da3') in 0.024673 seconds 
========================================================================
Received Import Request.
  Time since last request: 0.000025 seconds.
  path: Packages/com.microsoft.mixedreality.toolkit.standardassets/Materials/Text3DSelawikLight.mat
  artifactKey: Guid(07c12c0ec28e4b8c8f083045ea0765ef) Importer(815301076,1909f56bfc062723c751e8b465ee728b)
Start importing Packages/com.microsoft.mixedreality.toolkit.standardassets/Materials/Text3DSelawikLight.mat using Guid(07c12c0ec28e4b8c8f083045ea0765ef) Importer(815301076,1909f56bfc062723c751e8b465ee728b)  -> (artifact id: '095a48ed9fc8fc987ad9d69bde3a4892') in 0.025291 seconds 
========================================================================
Received Import Request.
  Time since last request: 0.000022 seconds.
  path: Packages/com.microsoft.mixedreality.toolkit.standardassets/Materials/MRTK_Standard_TransparentPink.mat
  artifactKey: Guid(0e3f68a0b25245e4d9a3e2380c8ac1d6) Importer(815301076,1909f56bfc062723c751e8b465ee728b)
Start importing Packages/com.microsoft.mixedreality.toolkit.standardassets/Materials/MRTK_Standard_TransparentPink.mat using Guid(0e3f68a0b25245e4d9a3e2380c8ac1d6) Importer(815301076,1909f56bfc062723c751e8b465ee728b)  -> (artifact id: '6e46542aee930e7f4181ab1565bae450') in 0.026345 seconds 
========================================================================
Received Import Request.
  Time since last request: 0.000059 seconds.
  path: Packages/com.microsoft.mixedreality.toolkit.standardassets/Materials/MRTK_Standard_TransparentEmerald.mat
  artifactKey: Guid(ab6b5d4dc17c48bbab69426bced2d601) Importer(815301076,1909f56bfc062723c751e8b465ee728b)
Start importing Packages/com.microsoft.mixedreality.toolkit.standardassets/Materials/MRTK_Standard_TransparentEmerald.mat using Guid(ab6b5d4dc17c48bbab69426bced2d601) Importer(815301076,1909f56bfc062723c751e8b465ee728b)  -> (artifact id: '4935472cd18f2c795cceb47479427724') in 0.022613 seconds 
========================================================================
Received Import Request.
  Time since last request: 0.000029 seconds.
  path: Packages/com.microsoft.mixedreality.toolkit.standardassets/Materials/MRTK_Standard_TransparentLightGray.mat
  artifactKey: Guid(9921ca73d1b94b24aba7726b9df6db8c) Importer(815301076,1909f56bfc062723c751e8b465ee728b)
Start importing Packages/com.microsoft.mixedreality.toolkit.standardassets/Materials/MRTK_Standard_TransparentLightGray.mat using Guid(9921ca73d1b94b24aba7726b9df6db8c) Importer(815301076,1909f56bfc062723c751e8b465ee728b)  -> (artifact id: 'fbc8aeb65effb8ab40bc38dd828868c0') in 0.021747 seconds 
========================================================================
Received Import Request.
  Time since last request: 0.000034 seconds.
  path: Packages/com.microsoft.mixedreality.toolkit.standardassets/Materials/MRTK_Standard_TransparentCharcoal.mat
  artifactKey: Guid(68b4661a8a0b2644b886f95904c52ba3) Importer(815301076,1909f56bfc062723c751e8b465ee728b)
Start importing Packages/com.microsoft.mixedreality.toolkit.standardassets/Materials/MRTK_Standard_TransparentCharcoal.mat using Guid(68b4661a8a0b2644b886f95904c52ba3) Importer(815301076,1909f56bfc062723c751e8b465ee728b)  -> (artifact id: '6ebb93dc2eabdec196e5aff743d1b9d3') in 0.026426 seconds 
========================================================================
Received Import Request.
  Time since last request: 0.000041 seconds.
  path: Packages/com.microsoft.mixedreality.toolkit.standardassets/Materials/Text3DSelawik.mat
  artifactKey: Guid(27e8d7c95f97434681887029d5c7a928) Importer(815301076,1909f56bfc062723c751e8b465ee728b)
Start importing Packages/com.microsoft.mixedreality.toolkit.standardassets/Materials/Text3DSelawik.mat using Guid(27e8d7c95f97434681887029d5c7a928) Importer(815301076,1909f56bfc062723c751e8b465ee728b)  -> (artifact id: '2b98e3bf8e558b511d240e99a2a83a75') in 0.019966 seconds 
========================================================================
Received Import Request.
  Time since last request: 0.000036 seconds.
  path: Packages/com.microsoft.mixedreality.toolkit.standardassets/Materials/MRTK_Standard_Cyan.mat
  artifactKey: Guid(53ea63593b32415faf734536616f5fb3) Importer(815301076,1909f56bfc062723c751e8b465ee728b)
Start importing Packages/com.microsoft.mixedreality.toolkit.standardassets/Materials/MRTK_Standard_Cyan.mat using Guid(53ea63593b32415faf734536616f5fb3) Importer(815301076,1909f56bfc062723c751e8b465ee728b)  -> (artifact id: '8f2c43787127a770cc70788666b8f66b') in 0.025162 seconds 
========================================================================
Received Import Request.
  Time since last request: 0.000024 seconds.
  path: Packages/com.microsoft.mixedreality.toolkit.standardassets/Materials/MRTK_Standard_TransparentLime.mat
  artifactKey: Guid(d8efdb3c98967354dad720c9f34297fb) Importer(815301076,1909f56bfc062723c751e8b465ee728b)
Start importing Packages/com.microsoft.mixedreality.toolkit.standardassets/Materials/MRTK_Standard_TransparentLime.mat using Guid(d8efdb3c98967354dad720c9f34297fb) Importer(815301076,1909f56bfc062723c751e8b465ee728b)  -> (artifact id: '5716dd4017f54f14ab4521ffd0dd1d1d') in 0.022397 seconds 
========================================================================
Received Import Request.
  Time since last request: 0.000040 seconds.
  path: Packages/com.microsoft.mixedreality.toolkit.standardassets/Materials/MRTK_Standard_Pink.mat
  artifactKey: Guid(67e4ae112f094f3082e033060c3cd298) Importer(815301076,1909f56bfc062723c751e8b465ee728b)
Start importing Packages/com.microsoft.mixedreality.toolkit.standardassets/Materials/MRTK_Standard_Pink.mat using Guid(67e4ae112f094f3082e033060c3cd298) Importer(815301076,1909f56bfc062723c751e8b465ee728b)  -> (artifact id: 'cec539c1b17b86bdf17d22c93c2b23dd') in 0.020637 seconds 
========================================================================
Received Import Request.
  Time since last request: 0.000038 seconds.
  path: Packages/com.microsoft.mixedreality.toolkit.standardassets/Materials/MRTK_Standard_Blue.mat
  artifactKey: Guid(3c55769e893c4f4c8c51b7fa69bee2b9) Importer(815301076,1909f56bfc062723c751e8b465ee728b)
Start importing Packages/com.microsoft.mixedreality.toolkit.standardassets/Materials/MRTK_Standard_Blue.mat using Guid(3c55769e893c4f4c8c51b7fa69bee2b9) Importer(815301076,1909f56bfc062723c751e8b465ee728b)  -> (artifact id: '4f3fdaace6527ef02c9d221268380798') in 0.032654 seconds 
========================================================================
Received Import Request.
  Time since last request: 0.000023 seconds.
  path: Packages/com.microsoft.mixedreality.toolkit.standardassets/Materials/MRTK_Standard_TransparentBlue.mat
  artifactKey: Guid(0530d90ba2a117e4f95c7a6345e8bb14) Importer(815301076,1909f56bfc062723c751e8b465ee728b)
Start importing Packages/com.microsoft.mixedreality.toolkit.standardassets/Materials/MRTK_Standard_TransparentBlue.mat using Guid(0530d90ba2a117e4f95c7a6345e8bb14) Importer(815301076,1909f56bfc062723c751e8b465ee728b)  -> (artifact id: '5e72bcdc7db01711a34ec3714f19cf12') in 0.023561 seconds 
========================================================================
Received Import Request.
  Time since last request: 0.000025 seconds.
  path: Packages/com.microsoft.mixedreality.toolkit.standardassets/Materials/MRTK_Standard_Emerald.mat
  artifactKey: Guid(b0fcdc3322e34d9ea83e8399bd9f4031) Importer(815301076,1909f56bfc062723c751e8b465ee728b)
Start importing Packages/com.microsoft.mixedreality.toolkit.standardassets/Materials/MRTK_Standard_Emerald.mat using Guid(b0fcdc3322e34d9ea83e8399bd9f4031) Importer(815301076,1909f56bfc062723c751e8b465ee728b)  -> (artifact id: '3b6f79d2e671162301f85af7e7232b19') in 0.022185 seconds 
========================================================================
Received Import Request.
  Time since last request: 0.000036 seconds.
  path: Packages/com.microsoft.mixedreality.toolkit.standardassets/Materials/MRTK_Standard_White.mat
  artifactKey: Guid(680505b4b4f3400f9fd3ebb242751819) Importer(815301076,1909f56bfc062723c751e8b465ee728b)
Start importing Packages/com.microsoft.mixedreality.toolkit.standardassets/Materials/MRTK_Standard_White.mat using Guid(680505b4b4f3400f9fd3ebb242751819) Importer(815301076,1909f56bfc062723c751e8b465ee728b)  -> (artifact id: '70320ec1118ac4c2571ccd4d3dc7ae7b') in 0.022099 seconds 
Editor requested this worker to shutdown with reason: Scaling down because of idle timeout
AssetImportWorker is now disconnected from the server
Process exiting
Exiting without the bug reporter. Application will terminate with return code 0