Using pre-set license
Built from '2022.1/staging' branch; Version is '2022.1.23f1 (9636b062134a) revision 9844400'; Using compiler version '192829333'; Build Type 'Release'
OS: 'Windows 10  (10.0.19045) 64bit Professional' Language: 'en' Physical Memory: 16173 MB
BatchMode: 1, IsHumanControllingUs: 0, StartBugReporterOnCrash: 0, Is64bit: 1, IsPro: 1

COMMAND LINE ARGUMENTS:
C:\Program Files\Unity\Hub\Editor\2022.1.23f1\Editor\Unity.exe
-adb2
-batchMode
-noUpm
-name
AssetImportWorker10
-projectPath
C:/Users/Parisa/wkspaces/UserStudy_main/VarjoMRTKProject
-logFile
Logs/AssetImportWorker10.log
-srvPort
64071
Successfully changed project path to: C:/Users/Parisa/wkspaces/UserStudy_main/VarjoMRTKProject
C:/Users/Parisa/wkspaces/UserStudy_main/VarjoMRTKProject
[UnityMemory] Configuration Parameters - Can be set up in boot.config
    "memorysetup-bucket-allocator-granularity=16"
    "memorysetup-bucket-allocator-bucket-count=8"
    "memorysetup-bucket-allocator-block-size=33554432"
    "memorysetup-bucket-allocator-block-count=8"
    "memorysetup-main-allocator-block-size=16777216"
    "memorysetup-thread-allocator-block-size=16777216"
    "memorysetup-gfx-main-allocator-block-size=16777216"
    "memorysetup-gfx-thread-allocator-block-size=16777216"
    "memorysetup-cache-allocator-block-size=4194304"
    "memorysetup-typetree-allocator-block-size=2097152"
    "memorysetup-profiler-bucket-allocator-granularity=16"
    "memorysetup-profiler-bucket-allocator-bucket-count=8"
    "memorysetup-profiler-bucket-allocator-block-size=33554432"
    "memorysetup-profiler-bucket-allocator-block-count=8"
    "memorysetup-profiler-allocator-block-size=16777216"
    "memorysetup-profiler-editor-allocator-block-size=1048576"
    "memorysetup-temp-allocator-size-main=16777216"
    "memorysetup-job-temp-allocator-block-size=2097152"
    "memorysetup-job-temp-allocator-block-size-background=1048576"
    "memorysetup-job-temp-allocator-reduction-small-platforms=262144"
    "memorysetup-temp-allocator-size-background-worker=32768"
    "memorysetup-temp-allocator-size-job-worker=262144"
    "memorysetup-temp-allocator-size-preload-manager=33554432"
    "memorysetup-temp-allocator-size-nav-mesh-worker=65536"
    "memorysetup-temp-allocator-size-audio-worker=65536"
    "memorysetup-temp-allocator-size-cloud-worker=32768"
    "memorysetup-temp-allocator-size-gi-baking-worker=262144"
    "memorysetup-temp-allocator-size-gfx=262144"
Refreshing native plugins compatible for Editor in 180.11 ms, found 18 plugins.
Preloading 0 native plugins for Editor in 0.00 ms.
Initialize engine version: 2022.1.23f1 (9636b062134a)
[Subsystems] Discovering subsystems at path C:/Program Files/Unity/Hub/Editor/2022.1.23f1/Editor/Data/Resources/UnitySubsystems
[Subsystems] Discovering subsystems at path C:/Users/Parisa/wkspaces/UserStudy_main/VarjoMRTKProject/Assets
GfxDevice: creating device client; threaded=0; jobified=0
Direct3D:
    Version:  Direct3D 11.0 [level 11.1]
    Renderer: NVIDIA GeForce RTX 2080 with Max-Q Design (ID=0x1e90)
    Vendor:   NVIDIA
    VRAM:     8010 MB
    Driver:   30.0.15.1298
Initialize mono
Mono path[0] = 'C:/Program Files/Unity/Hub/Editor/2022.1.23f1/Editor/Data/Managed'
Mono path[1] = 'C:/Program Files/Unity/Hub/Editor/2022.1.23f1/Editor/Data/MonoBleedingEdge/lib/mono/unityjit-win32'
Mono config path = 'C:/Program Files/Unity/Hub/Editor/2022.1.23f1/Editor/Data/MonoBleedingEdge/etc'
Using monoOptions --debugger-agent=transport=dt_socket,embedding=1,server=y,suspend=n,address=127.0.0.1:56520
Begin MonoManager ReloadAssembly
Registering precompiled unity dll's ...
Register platform support module: C:/Program Files/Unity/Hub/Editor/2022.1.23f1/Editor/Data/PlaybackEngines/iOSSupport/UnityEditor.iOS.Extensions.dll
Register platform support module: C:/Program Files/Unity/Hub/Editor/2022.1.23f1/Editor/Data/PlaybackEngines/WindowsStandaloneSupport/UnityEditor.WindowsStandalone.Extensions.dll
Register platform support module: C:/Program Files/Unity/Hub/Editor/2022.1.23f1/Editor/Data/PlaybackEngines/MetroSupport/UnityEditor.UWP.Extensions.dll
Registered in 0.007893 seconds.
Native extension for UWP target not found
Native extension for WindowsStandalone target not found
[usbmuxd] Start listen thread
[usbmuxd] Listen thread started
[usbmuxd] Send listen message
Native extension for iOS target not found
Refreshing native plugins compatible for Editor in 144.19 ms, found 18 plugins.
Preloading 0 native plugins for Editor in 0.00 ms.
Mono: successfully reloaded assembly
- Completed reload, in  0.678 seconds
Domain Reload Profiling:
	ReloadAssembly (678ms)
		BeginReloadAssembly (67ms)
			ExecutionOrderSort (0ms)
			DisableScriptedObjects (0ms)
			BackupInstance (0ms)
			ReleaseScriptingObjects (0ms)
			CreateAndSetChildDomain (1ms)
		EndReloadAssembly (509ms)
			LoadAssemblies (66ms)
			RebuildTransferFunctionScriptingTraits (0ms)
			SetupTypeCache (107ms)
				TypeCache.Initialize (107ms)
					TypeCache.ScanAssembly (105ms)
				ResolveRequiredComponents (0ms)
			ReleaseScriptCaches (0ms)
			RebuildScriptCaches (24ms)
			SetupLoadedEditorAssemblies (329ms)
				LogAssemblyErrors (0ms)
				InitializePlatformSupportModulesInManaged (22ms)
				SetLoadedEditorAssemblies (6ms)
				RefreshPlugins (144ms)
				BeforeProcessingInitializeOnLoad (1ms)
				ProcessInitializeOnLoadAttributes (114ms)
				ProcessInitializeOnLoadMethodAttributes (41ms)
				AfterProcessingInitializeOnLoad (0ms)
				EditorAssembliesLoaded (0ms)
			ExecutionOrderSort2 (0ms)
			AwakeInstancesAfterBackupRestoration (0ms)
Platform modules already initialized, skipping
Registering precompiled user dll's ...
Registered in 0.011036 seconds.
Begin MonoManager ReloadAssembly
Symbol file LoadedFromMemory doesn't match image C:\Users\Parisa\wkspaces\UserStudy_main\VarjoMRTKProject\Library\PackageCache\com.unity.visualscripting@1.7.8\Editor\VisualScripting.Core\Dependencies\DotNetZip\Unity.VisualScripting.IonicZip.dll
Symbol file LoadedFromMemory doesn't match image C:\Users\Parisa\wkspaces\UserStudy_main\VarjoMRTKProject\Library\PackageCache\com.unity.visualscripting@1.7.8\Editor\VisualScripting.Core\Dependencies\YamlDotNet\Unity.VisualScripting.YamlDotNet.dll
Native extension for UWP target not found
Native extension for WindowsStandalone target not found
Native extension for iOS target not found
Refreshing native plugins compatible for Editor in 146.98 ms, found 18 plugins.
Preloading 0 native plugins for Editor in 0.00 ms.
Package Manager log level set to [2]
[Package Manager] Server::EnsureServerProcessIsRunning -- launch failed, reason: Unity was launched with the -noUpm command-line argument
[Package Manager] UpmClient::Send -- Unable to send message (not connected to UPM process).
[Package Manager] Cannot connect to Unity Package Manager local server
Mono: successfully reloaded assembly
[Package Manager] Server::EnsureServerProcessIsRunning -- launch failed, reason: Unity was launched with the -noUpm command-line argument
[Package Manager] UpmClient::Send -- Unable to send message (not connected to UPM process).
[Package Manager] Cannot connect to Unity Package Manager local server
[Package Manager] Server::EnsureServerProcessIsRunning -- launch failed, reason: Unity was launched with the -noUpm command-line argument
[Package Manager] UpmClient::Send -- Unable to send message (not connected to UPM process).
[Package Manager] Cannot connect to Unity Package Manager local server
- Completed reload, in  1.749 seconds
Domain Reload Profiling:
	ReloadAssembly (1749ms)
		BeginReloadAssembly (99ms)
			ExecutionOrderSort (0ms)
			DisableScriptedObjects (5ms)
			BackupInstance (0ms)
			ReleaseScriptingObjects (0ms)
			CreateAndSetChildDomain (19ms)
		EndReloadAssembly (1533ms)
			LoadAssemblies (95ms)
			RebuildTransferFunctionScriptingTraits (0ms)
			SetupTypeCache (318ms)
				TypeCache.Initialize (299ms)
					TypeCache.ScanAssembly (295ms)
				ResolveRequiredComponents (19ms)
			ReleaseScriptCaches (1ms)
			RebuildScriptCaches (88ms)
			SetupLoadedEditorAssemblies (970ms)
				LogAssemblyErrors (0ms)
				InitializePlatformSupportModulesInManaged (18ms)
				SetLoadedEditorAssemblies (6ms)
				RefreshPlugins (147ms)
				BeforeProcessingInitializeOnLoad (156ms)
				ProcessInitializeOnLoadAttributes (524ms)
				ProcessInitializeOnLoadMethodAttributes (112ms)
				AfterProcessingInitializeOnLoad (7ms)
				EditorAssembliesLoaded (0ms)
			ExecutionOrderSort2 (0ms)
			AwakeInstancesAfterBackupRestoration (7ms)
Platform modules already initialized, skipping
========================================================================
Worker process is ready to serve import requests
Launched and connected shader compiler UnityShaderCompiler.exe after 0.05 seconds
Refreshing native plugins compatible for Editor in 1.39 ms, found 18 plugins.
Preloading 0 native plugins for Editor in 0.00 ms.
Unloading 7867 Unused Serialized files (Serialized files now loaded: 0)
Unloading 60 unused Assets / (354.8 KB). Loaded Objects now: 8340.
Memory consumption went from 1.20 GB to 1.20 GB.
Total: 5.042900 ms (FindLiveObjects: 0.552600 ms CreateObjectMapping: 0.538000 ms MarkObjects: 3.797500 ms  DeleteObjects: 0.154100 ms)

AssetImportParameters requested are different than current active one (requested -> active):
  custom:video-decoder-ogg-theora: a1e56fd34408186e4bbccfd4996cb3dc -> 
  custom:container-muxer-webm: aa71ff27fc2769a1b78a27578f13a17b -> 
  custom:container-demuxer-webm: 4f35f7cbe854078d1ac9338744f61a02 -> 
  custom:video-encoder-webm-vp8: eb34c28f22e8b96e1ab97ce403110664 -> 
  custom:audio-encoder-webm-vorbis: bf7c407c2cedff20999df2af8eb42d56 -> 
  custom:framework-win-MediaFoundation: 216162199b28c13a410421893ffa2e32 -> 
  custom:container-demuxer-ogg: 62fdf1f143b41e24485cea50d1cbac27 -> 
  custom:video-decoder-webm-vp8: 9c59270c3fd7afecdb556c50c9e8de78 -> 
  custom:audio-decoder-ogg-vorbis: bf7c407c2cedff20999df2af8eb42d56 -> 
========================================================================
Received Prepare
Registering precompiled user dll's ...
Registered in 0.011587 seconds.
Begin MonoManager ReloadAssembly
Symbol file LoadedFromMemory doesn't match image C:\Users\Parisa\wkspaces\UserStudy_main\VarjoMRTKProject\Library\PackageCache\com.unity.visualscripting@1.7.8\Editor\VisualScripting.Core\Dependencies\DotNetZip\Unity.VisualScripting.IonicZip.dll
Symbol file LoadedFromMemory doesn't match image C:\Users\Parisa\wkspaces\UserStudy_main\VarjoMRTKProject\Library\PackageCache\com.unity.visualscripting@1.7.8\Editor\VisualScripting.Core\Dependencies\YamlDotNet\Unity.VisualScripting.YamlDotNet.dll
Native extension for UWP target not found
Native extension for WindowsStandalone target not found
Native extension for iOS target not found
Refreshing native plugins compatible for Editor in 1.65 ms, found 18 plugins.
Preloading 0 native plugins for Editor in 0.00 ms.
[Package Manager] Server::EnsureServerProcessIsRunning -- launch failed, reason: Unity was launched with the -noUpm command-line argument
[Package Manager] UpmClient::Send -- Unable to send message (not connected to UPM process).
[Package Manager] Cannot connect to Unity Package Manager local server
Mono: successfully reloaded assembly
[Package Manager] Server::EnsureServerProcessIsRunning -- launch failed, reason: Unity was launched with the -noUpm command-line argument
[Package Manager] UpmClient::Send -- Unable to send message (not connected to UPM process).
[Package Manager] Cannot connect to Unity Package Manager local server
- Completed reload, in  1.504 seconds
Domain Reload Profiling:
	ReloadAssembly (1504ms)
		BeginReloadAssembly (149ms)
			ExecutionOrderSort (0ms)
			DisableScriptedObjects (6ms)
			BackupInstance (0ms)
			ReleaseScriptingObjects (0ms)
			CreateAndSetChildDomain (50ms)
		EndReloadAssembly (1261ms)
			LoadAssemblies (99ms)
			RebuildTransferFunctionScriptingTraits (0ms)
			SetupTypeCache (361ms)
				TypeCache.Initialize (341ms)
					TypeCache.ScanAssembly (336ms)
				ResolveRequiredComponents (20ms)
			ReleaseScriptCaches (2ms)
			RebuildScriptCaches (49ms)
			SetupLoadedEditorAssemblies (657ms)
				LogAssemblyErrors (0ms)
				InitializePlatformSupportModulesInManaged (26ms)
				SetLoadedEditorAssemblies (10ms)
				RefreshPlugins (2ms)
				BeforeProcessingInitializeOnLoad (122ms)
				ProcessInitializeOnLoadAttributes (387ms)
				ProcessInitializeOnLoadMethodAttributes (103ms)
				AfterProcessingInitializeOnLoad (7ms)
				EditorAssembliesLoaded (0ms)
			ExecutionOrderSort2 (0ms)
			AwakeInstancesAfterBackupRestoration (16ms)
Platform modules already initialized, skipping
Refreshing native plugins compatible for Editor in 5.81 ms, found 18 plugins.
Preloading 0 native plugins for Editor in 0.00 ms.
Unloading 7687 Unused Serialized files (Serialized files now loaded: 0)
Unloading 63 unused Assets / (1.0 MB). Loaded Objects now: 8345.
Memory consumption went from 1.17 GB to 1.16 GB.
Total: 4.791100 ms (FindLiveObjects: 0.504200 ms CreateObjectMapping: 0.493100 ms MarkObjects: 3.411300 ms  DeleteObjects: 0.381800 ms)

AssetImportParameters requested are different than current active one (requested -> active):
  custom:video-decoder-ogg-theora: a1e56fd34408186e4bbccfd4996cb3dc -> 
  custom:container-muxer-webm: aa71ff27fc2769a1b78a27578f13a17b -> 
  custom:container-demuxer-webm: 4f35f7cbe854078d1ac9338744f61a02 -> 
  custom:video-encoder-webm-vp8: eb34c28f22e8b96e1ab97ce403110664 -> 
  custom:audio-encoder-webm-vorbis: bf7c407c2cedff20999df2af8eb42d56 -> 
  custom:framework-win-MediaFoundation: 216162199b28c13a410421893ffa2e32 -> 
  custom:container-demuxer-ogg: 62fdf1f143b41e24485cea50d1cbac27 -> 
  custom:video-decoder-webm-vp8: 9c59270c3fd7afecdb556c50c9e8de78 -> 
  custom:audio-decoder-ogg-vorbis: bf7c407c2cedff20999df2af8eb42d56 -> 
========================================================================
Received Import Request.
  Time since last request: 171932.450351 seconds.
  path: Assets/Prefabs/HandSubMenu.prefab
  artifactKey: Guid(83dfbd26a71c8af40a30246c0b83af5e) Importer(815301076,1909f56bfc062723c751e8b465ee728b)
Start importing Assets/Prefabs/HandSubMenu.prefab using Guid(83dfbd26a71c8af40a30246c0b83af5e) Importer(815301076,1909f56bfc062723c751e8b465ee728b)  -> (artifact id: 'c2bb0feb424d4afea2a46b9224d42cd9') in 0.352712 seconds 
========================================================================
Received Import Request.
  Time since last request: 49.354745 seconds.
  path: Assets/Prefabs/Hand Mounted Menu.prefab
  artifactKey: Guid(4a16069169a3edb4fa4e0a2d1c62bf5c) Importer(815301076,1909f56bfc062723c751e8b465ee728b)
Start importing Assets/Prefabs/Hand Mounted Menu.prefab using Guid(4a16069169a3edb4fa4e0a2d1c62bf5c) Importer(815301076,1909f56bfc062723c751e8b465ee728b)  -> (artifact id: '3cc7e9d0fc47979b92b492a6dac4a44b') in 0.052978 seconds 
========================================================================
Received Import Request.
  Time since last request: 5.913851 seconds.
  path: Assets/Prefabs/Hand Mounted Menu.prefab
  artifactKey: Guid(4a16069169a3edb4fa4e0a2d1c62bf5c) Importer(815301076,1909f56bfc062723c751e8b465ee728b)
Start importing Assets/Prefabs/Hand Mounted Menu.prefab using Guid(4a16069169a3edb4fa4e0a2d1c62bf5c) Importer(815301076,1909f56bfc062723c751e8b465ee728b)  -> (artifact id: '199767ab5aba4f0b913ee816923300eb') in 0.046935 seconds 
========================================================================
Received Import Request.
  Time since last request: 3.516793 seconds.
  path: Assets/Prefabs/Hand Mounted Menu.prefab
  artifactKey: Guid(4a16069169a3edb4fa4e0a2d1c62bf5c) Importer(815301076,1909f56bfc062723c751e8b465ee728b)
Start importing Assets/Prefabs/Hand Mounted Menu.prefab using Guid(4a16069169a3edb4fa4e0a2d1c62bf5c) Importer(815301076,1909f56bfc062723c751e8b465ee728b)  -> (artifact id: '4209470d34937959115aa52341aecf09') in 0.055211 seconds 
========================================================================
Received Import Request.
  Time since last request: 8.549907 seconds.
  path: Assets/Prefabs/Hand Mounted Menu.prefab
  artifactKey: Guid(4a16069169a3edb4fa4e0a2d1c62bf5c) Importer(815301076,1909f56bfc062723c751e8b465ee728b)
Start importing Assets/Prefabs/Hand Mounted Menu.prefab using Guid(4a16069169a3edb4fa4e0a2d1c62bf5c) Importer(815301076,1909f56bfc062723c751e8b465ee728b)  -> (artifact id: '5c9572ea36ae7216b96b5e1d3ad00e6e') in 0.054531 seconds 
========================================================================
Received Import Request.
  Time since last request: 3.357569 seconds.
  path: Assets/Prefabs/Hand Mounted Menu.prefab
  artifactKey: Guid(4a16069169a3edb4fa4e0a2d1c62bf5c) Importer(815301076,1909f56bfc062723c751e8b465ee728b)
Start importing Assets/Prefabs/Hand Mounted Menu.prefab using Guid(4a16069169a3edb4fa4e0a2d1c62bf5c) Importer(815301076,1909f56bfc062723c751e8b465ee728b)  -> (artifact id: '6616a85b3cb17679288dd521a40895c3') in 0.051996 seconds 
========================================================================
Received Import Request.
  Time since last request: 2.743383 seconds.
  path: Assets/Prefabs/Hand Mounted Menu.prefab
  artifactKey: Guid(4a16069169a3edb4fa4e0a2d1c62bf5c) Importer(815301076,1909f56bfc062723c751e8b465ee728b)
Start importing Assets/Prefabs/Hand Mounted Menu.prefab using Guid(4a16069169a3edb4fa4e0a2d1c62bf5c) Importer(815301076,1909f56bfc062723c751e8b465ee728b)  -> (artifact id: '5ca787710cc4f3702c44a1cd1663572d') in 0.055115 seconds 
========================================================================
Received Import Request.
  Time since last request: 3.074774 seconds.
  path: Assets/Prefabs/Hand Mounted Menu.prefab
  artifactKey: Guid(4a16069169a3edb4fa4e0a2d1c62bf5c) Importer(815301076,1909f56bfc062723c751e8b465ee728b)
Start importing Assets/Prefabs/Hand Mounted Menu.prefab using Guid(4a16069169a3edb4fa4e0a2d1c62bf5c) Importer(815301076,1909f56bfc062723c751e8b465ee728b)  -> (artifact id: '66675225d84b8da34fe9986cf833c75a') in 0.068979 seconds 
========================================================================
Received Import Request.
  Time since last request: 2.664692 seconds.
  path: Assets/Prefabs/Hand Mounted Menu.prefab
  artifactKey: Guid(4a16069169a3edb4fa4e0a2d1c62bf5c) Importer(815301076,1909f56bfc062723c751e8b465ee728b)
Start importing Assets/Prefabs/Hand Mounted Menu.prefab using Guid(4a16069169a3edb4fa4e0a2d1c62bf5c) Importer(815301076,1909f56bfc062723c751e8b465ee728b)  -> (artifact id: 'b63630ff548f55857c4c96dee8e5ae69') in 0.062373 seconds 
========================================================================
Received Import Request.
  Time since last request: 5.435402 seconds.
  path: Assets/Prefabs/Hand Mounted Menu.prefab
  artifactKey: Guid(4a16069169a3edb4fa4e0a2d1c62bf5c) Importer(815301076,1909f56bfc062723c751e8b465ee728b)
Start importing Assets/Prefabs/Hand Mounted Menu.prefab using Guid(4a16069169a3edb4fa4e0a2d1c62bf5c) Importer(815301076,1909f56bfc062723c751e8b465ee728b)  -> (artifact id: 'de89d0fa9e8fb9be16bfff0dafe23cb5') in 0.062588 seconds 
========================================================================
Received Import Request.
  Time since last request: 249.590311 seconds.
  path: Assets/Prefabs/InteractionModeMenu/VisualizationIcon 1.prefab
  artifactKey: Guid(d805dbf9361c8724c8bf06f77b7768b8) Importer(815301076,1909f56bfc062723c751e8b465ee728b)
Start importing Assets/Prefabs/InteractionModeMenu/VisualizationIcon 1.prefab using Guid(d805dbf9361c8724c8bf06f77b7768b8) Importer(815301076,1909f56bfc062723c751e8b465ee728b)  -> (artifact id: '7a6628d7287313ec85ed7b8d4897fc38') in 0.024813 seconds 
========================================================================
Received Import Request.
  Time since last request: 21.473202 seconds.
  path: Assets/Prefabs/InteractionModeMenu/InteractionModeMenu.prefab
  artifactKey: Guid(6058ed91b8988ef458dba0b685628181) Importer(815301076,1909f56bfc062723c751e8b465ee728b)
Start importing Assets/Prefabs/InteractionModeMenu/InteractionModeMenu.prefab using Guid(6058ed91b8988ef458dba0b685628181) Importer(815301076,1909f56bfc062723c751e8b465ee728b)  -> (artifact id: 'f668d7fead9cc665e02c4280be22ad7b') in 0.019255 seconds 
========================================================================
Received Import Request.
  Time since last request: 43.657551 seconds.
  path: Assets/Materials/AbstractModelIconMaterial.mat
  artifactKey: Guid(81d92b19e7761ca44a47e4f0c4dd918a) Importer(815301076,1909f56bfc062723c751e8b465ee728b)
Start importing Assets/Materials/AbstractModelIconMaterial.mat using Guid(81d92b19e7761ca44a47e4f0c4dd918a) Importer(815301076,1909f56bfc062723c751e8b465ee728b)  -> (artifact id: '41605008dd8b93fc3264bd65e776cd98') in 0.041889 seconds 
========================================================================
Received Import Request.
  Time since last request: 3.153133 seconds.
  path: Assets/Plugins/LeapMotion/Modules/InteractionEngine/Examples/Common Example Assets/Materials/IE Example Unlit Text BG Dark.mat
  artifactKey: Guid(5bfb48adea98f2b4eb8c987cde2c6173) Importer(815301076,1909f56bfc062723c751e8b465ee728b)
Start importing Assets/Plugins/LeapMotion/Modules/InteractionEngine/Examples/Common Example Assets/Materials/IE Example Unlit Text BG Dark.mat using Guid(5bfb48adea98f2b4eb8c987cde2c6173) Importer(815301076,1909f56bfc062723c751e8b465ee728b)  -> (artifact id: 'd52b5c114dbdaa42aba96b7a5ce5dd7f') in 0.059499 seconds 
========================================================================
Received Import Request.
  Time since last request: 20.435155 seconds.
  path: Assets/Prefabs/InteractionModeMenu/InteractionModeMenu.prefab
  artifactKey: Guid(6058ed91b8988ef458dba0b685628181) Importer(815301076,1909f56bfc062723c751e8b465ee728b)
Start importing Assets/Prefabs/InteractionModeMenu/InteractionModeMenu.prefab using Guid(6058ed91b8988ef458dba0b685628181) Importer(815301076,1909f56bfc062723c751e8b465ee728b)  -> (artifact id: 'd8e237f3bdbadfae2c870388a35025c5') in 0.015459 seconds 
========================================================================
Received Import Request.
  Time since last request: 49.531410 seconds.
  path: Assets/Prefabs/Hand Mounted Menu.prefab
  artifactKey: Guid(4a16069169a3edb4fa4e0a2d1c62bf5c) Importer(815301076,1909f56bfc062723c751e8b465ee728b)
Start importing Assets/Prefabs/Hand Mounted Menu.prefab using Guid(4a16069169a3edb4fa4e0a2d1c62bf5c) Importer(815301076,1909f56bfc062723c751e8b465ee728b)  -> (artifact id: 'cbdc9644acc66add155db38db949b969') in 0.056557 seconds 
========================================================================
Received Import Request.
  Time since last request: 31.116290 seconds.
  path: Assets/Prefabs/Hand Mounted Menu.prefab
  artifactKey: Guid(4a16069169a3edb4fa4e0a2d1c62bf5c) Importer(815301076,1909f56bfc062723c751e8b465ee728b)
Start importing Assets/Prefabs/Hand Mounted Menu.prefab using Guid(4a16069169a3edb4fa4e0a2d1c62bf5c) Importer(815301076,1909f56bfc062723c751e8b465ee728b)  -> (artifact id: '5df396aa84fc26d4db3ef00e3aab6ca5') in 0.058860 seconds 
========================================================================
Received Import Request.
  Time since last request: 1.737513 seconds.
  path: Assets/Prefabs/Hand Mounted Menu.prefab
  artifactKey: Guid(4a16069169a3edb4fa4e0a2d1c62bf5c) Importer(815301076,1909f56bfc062723c751e8b465ee728b)
Start importing Assets/Prefabs/Hand Mounted Menu.prefab using Guid(4a16069169a3edb4fa4e0a2d1c62bf5c) Importer(815301076,1909f56bfc062723c751e8b465ee728b)  -> (artifact id: '90bad13f4c0310c48de530c3da216086') in 0.055605 seconds 
========================================================================
Received Import Request.
  Time since last request: 2.509355 seconds.
  path: Assets/Prefabs/Hand Mounted Menu.prefab
  artifactKey: Guid(4a16069169a3edb4fa4e0a2d1c62bf5c) Importer(815301076,1909f56bfc062723c751e8b465ee728b)
Start importing Assets/Prefabs/Hand Mounted Menu.prefab using Guid(4a16069169a3edb4fa4e0a2d1c62bf5c) Importer(815301076,1909f56bfc062723c751e8b465ee728b)  -> (artifact id: '45aa18a6e398da8388757517914c4df6') in 0.058663 seconds 
========================================================================
Received Import Request.
  Time since last request: 1.330684 seconds.
  path: Assets/Prefabs/Hand Mounted Menu.prefab
  artifactKey: Guid(4a16069169a3edb4fa4e0a2d1c62bf5c) Importer(815301076,1909f56bfc062723c751e8b465ee728b)
Start importing Assets/Prefabs/Hand Mounted Menu.prefab using Guid(4a16069169a3edb4fa4e0a2d1c62bf5c) Importer(815301076,1909f56bfc062723c751e8b465ee728b)  -> (artifact id: 'f8cae0c4a83035bd4d281b87088eefb7') in 0.060728 seconds 
========================================================================
Received Import Request.
  Time since last request: 5.580900 seconds.
  path: Assets/Prefabs/Hand Mounted Menu.prefab
  artifactKey: Guid(4a16069169a3edb4fa4e0a2d1c62bf5c) Importer(815301076,1909f56bfc062723c751e8b465ee728b)
Start importing Assets/Prefabs/Hand Mounted Menu.prefab using Guid(4a16069169a3edb4fa4e0a2d1c62bf5c) Importer(815301076,1909f56bfc062723c751e8b465ee728b)  -> (artifact id: '194acc67fbd78ec8b8dcb956ad984d85') in 0.065020 seconds 
========================================================================
Received Import Request.
  Time since last request: 1.123911 seconds.
  path: Assets/Prefabs/Hand Mounted Menu.prefab
  artifactKey: Guid(4a16069169a3edb4fa4e0a2d1c62bf5c) Importer(815301076,1909f56bfc062723c751e8b465ee728b)
Start importing Assets/Prefabs/Hand Mounted Menu.prefab using Guid(4a16069169a3edb4fa4e0a2d1c62bf5c) Importer(815301076,1909f56bfc062723c751e8b465ee728b)  -> (artifact id: '795772651fb0ef686b442bb8b88f87e8') in 0.066120 seconds 
========================================================================
Received Import Request.
  Time since last request: 4.325498 seconds.
  path: Assets/Prefabs/Hand Mounted Menu.prefab
  artifactKey: Guid(4a16069169a3edb4fa4e0a2d1c62bf5c) Importer(815301076,1909f56bfc062723c751e8b465ee728b)
Start importing Assets/Prefabs/Hand Mounted Menu.prefab using Guid(4a16069169a3edb4fa4e0a2d1c62bf5c) Importer(815301076,1909f56bfc062723c751e8b465ee728b)  -> (artifact id: '202beed4ee68c334370b1ad85edc7019') in 0.063901 seconds 
========================================================================
Received Import Request.
  Time since last request: 29.665679 seconds.
  path: Assets/Prefabs/Hand Mounted Menu.prefab
  artifactKey: Guid(4a16069169a3edb4fa4e0a2d1c62bf5c) Importer(815301076,1909f56bfc062723c751e8b465ee728b)
Start importing Assets/Prefabs/Hand Mounted Menu.prefab using Guid(4a16069169a3edb4fa4e0a2d1c62bf5c) Importer(815301076,1909f56bfc062723c751e8b465ee728b)  -> (artifact id: '5d41ca1f473fb85073c6e347aca5c43e') in 0.062857 seconds 
========================================================================
Received Import Request.
  Time since last request: 1.733057 seconds.
  path: Assets/Prefabs/Hand Mounted Menu.prefab
  artifactKey: Guid(4a16069169a3edb4fa4e0a2d1c62bf5c) Importer(815301076,1909f56bfc062723c751e8b465ee728b)
Start importing Assets/Prefabs/Hand Mounted Menu.prefab using Guid(4a16069169a3edb4fa4e0a2d1c62bf5c) Importer(815301076,1909f56bfc062723c751e8b465ee728b)  -> (artifact id: '51ef07790be9ef17916a31041ed7448e') in 0.059088 seconds 
========================================================================
Received Import Request.
  Time since last request: 2.283484 seconds.
  path: Assets/Prefabs/Hand Mounted Menu.prefab
  artifactKey: Guid(4a16069169a3edb4fa4e0a2d1c62bf5c) Importer(815301076,1909f56bfc062723c751e8b465ee728b)
Start importing Assets/Prefabs/Hand Mounted Menu.prefab using Guid(4a16069169a3edb4fa4e0a2d1c62bf5c) Importer(815301076,1909f56bfc062723c751e8b465ee728b)  -> (artifact id: 'fe624586356d2009a6ee561a6373f8bd') in 0.058795 seconds 
========================================================================
Received Import Request.
  Time since last request: 2.692150 seconds.
  path: Assets/Prefabs/Hand Mounted Menu.prefab
  artifactKey: Guid(4a16069169a3edb4fa4e0a2d1c62bf5c) Importer(815301076,1909f56bfc062723c751e8b465ee728b)
Start importing Assets/Prefabs/Hand Mounted Menu.prefab using Guid(4a16069169a3edb4fa4e0a2d1c62bf5c) Importer(815301076,1909f56bfc062723c751e8b465ee728b)  -> (artifact id: '590b7494f7ed0bdbbbbaa76b5dd3210c') in 0.061784 seconds 
========================================================================
Received Import Request.
  Time since last request: 216.210740 seconds.
  path: Assets/Prefabs/Hand Mounted Menu.prefab
  artifactKey: Guid(4a16069169a3edb4fa4e0a2d1c62bf5c) Importer(815301076,1909f56bfc062723c751e8b465ee728b)
Start importing Assets/Prefabs/Hand Mounted Menu.prefab using Guid(4a16069169a3edb4fa4e0a2d1c62bf5c) Importer(815301076,1909f56bfc062723c751e8b465ee728b)  -> (artifact id: 'a34cfea1eb8376d0e7eec66a78c7d726') in 0.071903 seconds 
========================================================================
Received Import Request.
  Time since last request: 20.161013 seconds.
  path: Assets/Prefabs/Hand Mounted Menu.prefab
  artifactKey: Guid(4a16069169a3edb4fa4e0a2d1c62bf5c) Importer(815301076,1909f56bfc062723c751e8b465ee728b)
Start importing Assets/Prefabs/Hand Mounted Menu.prefab using Guid(4a16069169a3edb4fa4e0a2d1c62bf5c) Importer(815301076,1909f56bfc062723c751e8b465ee728b)  -> (artifact id: '928edeec289188627dca20bb35d49211') in 0.054963 seconds 
========================================================================
Received Import Request.
  Time since last request: 2.957953 seconds.
  path: Assets/Prefabs/Hand Mounted Menu.prefab
  artifactKey: Guid(4a16069169a3edb4fa4e0a2d1c62bf5c) Importer(815301076,1909f56bfc062723c751e8b465ee728b)
Start importing Assets/Prefabs/Hand Mounted Menu.prefab using Guid(4a16069169a3edb4fa4e0a2d1c62bf5c) Importer(815301076,1909f56bfc062723c751e8b465ee728b)  -> (artifact id: 'e7dbad9644705692d54278d1b5998788') in 0.055702 seconds 
========================================================================
Received Import Request.
  Time since last request: 2.970351 seconds.
  path: Assets/Prefabs/Hand Mounted Menu.prefab
  artifactKey: Guid(4a16069169a3edb4fa4e0a2d1c62bf5c) Importer(815301076,1909f56bfc062723c751e8b465ee728b)
Start importing Assets/Prefabs/Hand Mounted Menu.prefab using Guid(4a16069169a3edb4fa4e0a2d1c62bf5c) Importer(815301076,1909f56bfc062723c751e8b465ee728b)  -> (artifact id: 'd3a91a6f808b6f8ff62b12088e60d959') in 0.067220 seconds 
========================================================================
Received Import Request.
  Time since last request: 2.556570 seconds.
  path: Assets/Prefabs/Hand Mounted Menu.prefab
  artifactKey: Guid(4a16069169a3edb4fa4e0a2d1c62bf5c) Importer(815301076,1909f56bfc062723c751e8b465ee728b)
Start importing Assets/Prefabs/Hand Mounted Menu.prefab using Guid(4a16069169a3edb4fa4e0a2d1c62bf5c) Importer(815301076,1909f56bfc062723c751e8b465ee728b)  -> (artifact id: '07ada81f484387ee07afe15dcfac949e') in 0.065865 seconds 
========================================================================
Received Import Request.
  Time since last request: 2.545881 seconds.
  path: Assets/Prefabs/Hand Mounted Menu.prefab
  artifactKey: Guid(4a16069169a3edb4fa4e0a2d1c62bf5c) Importer(815301076,1909f56bfc062723c751e8b465ee728b)
Start importing Assets/Prefabs/Hand Mounted Menu.prefab using Guid(4a16069169a3edb4fa4e0a2d1c62bf5c) Importer(815301076,1909f56bfc062723c751e8b465ee728b)  -> (artifact id: '381152aeb8daa827b705baf7fa145c84') in 0.061084 seconds 
========================================================================
Received Import Request.
  Time since last request: 42.416646 seconds.
  path: Assets/Prefabs/Hand Mounted Menu.prefab
  artifactKey: Guid(4a16069169a3edb4fa4e0a2d1c62bf5c) Importer(815301076,1909f56bfc062723c751e8b465ee728b)
Start importing Assets/Prefabs/Hand Mounted Menu.prefab using Guid(4a16069169a3edb4fa4e0a2d1c62bf5c) Importer(815301076,1909f56bfc062723c751e8b465ee728b)  -> (artifact id: '5e1510fbd4db76296e597cb4b0a441bc') in 0.060815 seconds 
========================================================================
Received Import Request.
  Time since last request: 8.471047 seconds.
  path: Assets/Prefabs/Hand Mounted Menu.prefab
  artifactKey: Guid(4a16069169a3edb4fa4e0a2d1c62bf5c) Importer(815301076,1909f56bfc062723c751e8b465ee728b)
Start importing Assets/Prefabs/Hand Mounted Menu.prefab using Guid(4a16069169a3edb4fa4e0a2d1c62bf5c) Importer(815301076,1909f56bfc062723c751e8b465ee728b)  -> (artifact id: '3966557fa274c3261dfbf14cf2f14dfa') in 0.062377 seconds 
========================================================================
Received Import Request.
  Time since last request: 0.000025 seconds.
  path: Assets/Prefabs/SubMenuTogglePanelIcon.prefab
  artifactKey: Guid(dffe5aebf3bdd7e438e45789678b3de3) Importer(815301076,1909f56bfc062723c751e8b465ee728b)
Start importing Assets/Prefabs/SubMenuTogglePanelIcon.prefab using Guid(dffe5aebf3bdd7e438e45789678b3de3) Importer(815301076,1909f56bfc062723c751e8b465ee728b)  -> (artifact id: '52aedd2a8a75705edaaa6498306ad359') in 0.027766 seconds 
========================================================================
Received Import Request.
  Time since last request: 2.137169 seconds.
  path: Assets/Prefabs/Hand Mounted Menu.prefab
  artifactKey: Guid(4a16069169a3edb4fa4e0a2d1c62bf5c) Importer(815301076,1909f56bfc062723c751e8b465ee728b)
Start importing Assets/Prefabs/Hand Mounted Menu.prefab using Guid(4a16069169a3edb4fa4e0a2d1c62bf5c) Importer(815301076,1909f56bfc062723c751e8b465ee728b)  -> (artifact id: '6cbf5e6504ae07d67bb5299fd95d77ff') in 0.069407 seconds 
========================================================================
Received Import Request.
  Time since last request: 45.373441 seconds.
  path: Assets/Prefabs/Hand Mounted Menu.prefab
  artifactKey: Guid(4a16069169a3edb4fa4e0a2d1c62bf5c) Importer(815301076,1909f56bfc062723c751e8b465ee728b)
Start importing Assets/Prefabs/Hand Mounted Menu.prefab using Guid(4a16069169a3edb4fa4e0a2d1c62bf5c) Importer(815301076,1909f56bfc062723c751e8b465ee728b)  -> (artifact id: '3f2d8036ac7bdc65e6918c56a7b83f83') in 0.058434 seconds 
========================================================================
Received Import Request.
  Time since last request: 11.707408 seconds.
  path: Assets/Prefabs/Hand Mounted Menu.prefab
  artifactKey: Guid(4a16069169a3edb4fa4e0a2d1c62bf5c) Importer(815301076,1909f56bfc062723c751e8b465ee728b)
Start importing Assets/Prefabs/Hand Mounted Menu.prefab using Guid(4a16069169a3edb4fa4e0a2d1c62bf5c) Importer(815301076,1909f56bfc062723c751e8b465ee728b)  -> (artifact id: 'ea701f81feb075453819a72b5a54ed7a') in 0.058595 seconds 
========================================================================
Received Import Request.
  Time since last request: 5.599504 seconds.
  path: Assets/Prefabs/Hand Mounted Menu.prefab
  artifactKey: Guid(4a16069169a3edb4fa4e0a2d1c62bf5c) Importer(815301076,1909f56bfc062723c751e8b465ee728b)
Start importing Assets/Prefabs/Hand Mounted Menu.prefab using Guid(4a16069169a3edb4fa4e0a2d1c62bf5c) Importer(815301076,1909f56bfc062723c751e8b465ee728b)  -> (artifact id: '5badbe72e4e6ad5ef5ffd16da6af78be') in 0.059069 seconds 
========================================================================
Received Import Request.
  Time since last request: 2.357652 seconds.
  path: Assets/Prefabs/Hand Mounted Menu.prefab
  artifactKey: Guid(4a16069169a3edb4fa4e0a2d1c62bf5c) Importer(815301076,1909f56bfc062723c751e8b465ee728b)
Start importing Assets/Prefabs/Hand Mounted Menu.prefab using Guid(4a16069169a3edb4fa4e0a2d1c62bf5c) Importer(815301076,1909f56bfc062723c751e8b465ee728b)  -> (artifact id: 'c970eabf593fbe1c7cf13d57c7aac379') in 0.060293 seconds 
========================================================================
Received Import Request.
  Time since last request: 25.315764 seconds.
  path: Assets/Prefabs/Hand Mounted Menu.prefab
  artifactKey: Guid(4a16069169a3edb4fa4e0a2d1c62bf5c) Importer(815301076,1909f56bfc062723c751e8b465ee728b)
Start importing Assets/Prefabs/Hand Mounted Menu.prefab using Guid(4a16069169a3edb4fa4e0a2d1c62bf5c) Importer(815301076,1909f56bfc062723c751e8b465ee728b)  -> (artifact id: '14f7617591fad3f568089aa40b6fa019') in 0.058048 seconds 
========================================================================
Received Import Request.
  Time since last request: 5.102624 seconds.
  path: Assets/Prefabs/Hand Mounted Menu.prefab
  artifactKey: Guid(4a16069169a3edb4fa4e0a2d1c62bf5c) Importer(815301076,1909f56bfc062723c751e8b465ee728b)
Start importing Assets/Prefabs/Hand Mounted Menu.prefab using Guid(4a16069169a3edb4fa4e0a2d1c62bf5c) Importer(815301076,1909f56bfc062723c751e8b465ee728b)  -> (artifact id: '18e5e0f1c12dbfee3f6588df511ddf5f') in 0.074343 seconds 
========================================================================
Received Import Request.
  Time since last request: 16.735538 seconds.
  path: Assets/Prefabs/Hand Mounted Menu.prefab
  artifactKey: Guid(4a16069169a3edb4fa4e0a2d1c62bf5c) Importer(815301076,1909f56bfc062723c751e8b465ee728b)
Start importing Assets/Prefabs/Hand Mounted Menu.prefab using Guid(4a16069169a3edb4fa4e0a2d1c62bf5c) Importer(815301076,1909f56bfc062723c751e8b465ee728b)  -> (artifact id: '240ec0906c6d0d631a1d6c6098e53893') in 0.070734 seconds 
========================================================================
Received Import Request.
  Time since last request: 7.192955 seconds.
  path: Assets/Prefabs/Hand Mounted Menu.prefab
  artifactKey: Guid(4a16069169a3edb4fa4e0a2d1c62bf5c) Importer(815301076,1909f56bfc062723c751e8b465ee728b)
Start importing Assets/Prefabs/Hand Mounted Menu.prefab using Guid(4a16069169a3edb4fa4e0a2d1c62bf5c) Importer(815301076,1909f56bfc062723c751e8b465ee728b)  -> (artifact id: '72eaf5d74dfcbd858cc6d6088cedae4e') in 0.056586 seconds 
========================================================================
Received Import Request.
  Time since last request: 6.003377 seconds.
  path: Assets/Prefabs/Hand Mounted Menu.prefab
  artifactKey: Guid(4a16069169a3edb4fa4e0a2d1c62bf5c) Importer(815301076,1909f56bfc062723c751e8b465ee728b)
Start importing Assets/Prefabs/Hand Mounted Menu.prefab using Guid(4a16069169a3edb4fa4e0a2d1c62bf5c) Importer(815301076,1909f56bfc062723c751e8b465ee728b)  -> (artifact id: 'a81671925a90c47129bde2b5113d1dec') in 0.064613 seconds 
========================================================================
Received Import Request.
  Time since last request: 2.543287 seconds.
  path: Assets/Prefabs/Hand Mounted Menu.prefab
  artifactKey: Guid(4a16069169a3edb4fa4e0a2d1c62bf5c) Importer(815301076,1909f56bfc062723c751e8b465ee728b)
Start importing Assets/Prefabs/Hand Mounted Menu.prefab using Guid(4a16069169a3edb4fa4e0a2d1c62bf5c) Importer(815301076,1909f56bfc062723c751e8b465ee728b)  -> (artifact id: 'f71a73c28d546e3e6fda742865111f2d') in 0.059145 seconds 
========================================================================
Received Import Request.
  Time since last request: 19.065400 seconds.
  path: Assets/Prefabs/Hand Mounted Menu.prefab
  artifactKey: Guid(4a16069169a3edb4fa4e0a2d1c62bf5c) Importer(815301076,1909f56bfc062723c751e8b465ee728b)
Start importing Assets/Prefabs/Hand Mounted Menu.prefab using Guid(4a16069169a3edb4fa4e0a2d1c62bf5c) Importer(815301076,1909f56bfc062723c751e8b465ee728b)  -> (artifact id: 'b718da6a97994be4ec8166c60f5af9bd') in 0.056113 seconds 
========================================================================
Received Import Request.
  Time since last request: 3.175994 seconds.
  path: Assets/Prefabs/Hand Mounted Menu.prefab
  artifactKey: Guid(4a16069169a3edb4fa4e0a2d1c62bf5c) Importer(815301076,1909f56bfc062723c751e8b465ee728b)
Start importing Assets/Prefabs/Hand Mounted Menu.prefab using Guid(4a16069169a3edb4fa4e0a2d1c62bf5c) Importer(815301076,1909f56bfc062723c751e8b465ee728b)  -> (artifact id: '4c63d2742e907ce48f0155f4bdcc136d') in 0.064247 seconds 
========================================================================
Received Import Request.
  Time since last request: 2.554255 seconds.
  path: Assets/Prefabs/Hand Mounted Menu.prefab
  artifactKey: Guid(4a16069169a3edb4fa4e0a2d1c62bf5c) Importer(815301076,1909f56bfc062723c751e8b465ee728b)
Start importing Assets/Prefabs/Hand Mounted Menu.prefab using Guid(4a16069169a3edb4fa4e0a2d1c62bf5c) Importer(815301076,1909f56bfc062723c751e8b465ee728b)  -> (artifact id: '2e0d0764ff1b22bbaefc87e0bc8075de') in 0.057917 seconds 
========================================================================
Received Import Request.
  Time since last request: 18.944234 seconds.
  path: Assets/Prefabs/Hand Mounted Menu.prefab
  artifactKey: Guid(4a16069169a3edb4fa4e0a2d1c62bf5c) Importer(815301076,1909f56bfc062723c751e8b465ee728b)
Start importing Assets/Prefabs/Hand Mounted Menu.prefab using Guid(4a16069169a3edb4fa4e0a2d1c62bf5c) Importer(815301076,1909f56bfc062723c751e8b465ee728b)  -> (artifact id: 'a414bdb4ab5dd7af3645841c4be00337') in 0.063526 seconds 
========================================================================
Received Import Request.
  Time since last request: 3.006634 seconds.
  path: Assets/Prefabs/Hand Mounted Menu.prefab
  artifactKey: Guid(4a16069169a3edb4fa4e0a2d1c62bf5c) Importer(815301076,1909f56bfc062723c751e8b465ee728b)
Start importing Assets/Prefabs/Hand Mounted Menu.prefab using Guid(4a16069169a3edb4fa4e0a2d1c62bf5c) Importer(815301076,1909f56bfc062723c751e8b465ee728b)  -> (artifact id: 'd06fd739349706c5623a9c2db73a1aef') in 0.064103 seconds 
========================================================================
Received Import Request.
  Time since last request: 17.486493 seconds.
  path: Assets/Prefabs/Hand Mounted Menu.prefab
  artifactKey: Guid(4a16069169a3edb4fa4e0a2d1c62bf5c) Importer(815301076,1909f56bfc062723c751e8b465ee728b)
Start importing Assets/Prefabs/Hand Mounted Menu.prefab using Guid(4a16069169a3edb4fa4e0a2d1c62bf5c) Importer(815301076,1909f56bfc062723c751e8b465ee728b)  -> (artifact id: 'b15e503413a4e1d1cb34dbf3312b0feb') in 0.060128 seconds 
========================================================================
Received Import Request.
  Time since last request: 55.509104 seconds.
  path: Packages/com.microsoft.mixedreality.toolkit.standardassets/Materials/MRTK_Occlusion.mat
  artifactKey: Guid(a809c7ea182b699409443d46d5b42435) Importer(815301076,1909f56bfc062723c751e8b465ee728b)
Start importing Packages/com.microsoft.mixedreality.toolkit.standardassets/Materials/MRTK_Occlusion.mat using Guid(a809c7ea182b699409443d46d5b42435) Importer(815301076,1909f56bfc062723c751e8b465ee728b)  -> (artifact id: 'b8fd0b9e76a71729d1c20006d271915d') in 0.057257 seconds 
========================================================================
Received Import Request.
  Time since last request: 0.000031 seconds.
  path: Packages/com.microsoft.mixedreality.toolkit.standardassets/Materials/MRTK_Standard_GlowingCyan.mat
  artifactKey: Guid(27a6136d64696da4eba1b89b3df8d3df) Importer(815301076,1909f56bfc062723c751e8b465ee728b)
Start importing Packages/com.microsoft.mixedreality.toolkit.standardassets/Materials/MRTK_Standard_GlowingCyan.mat using Guid(27a6136d64696da4eba1b89b3df8d3df) Importer(815301076,1909f56bfc062723c751e8b465ee728b)  -> (artifact id: 'dc798369bfa92cf9eac912a22c967b36') in 0.022833 seconds 
========================================================================
Received Import Request.
  Time since last request: 0.000025 seconds.
  path: Packages/com.microsoft.mixedreality.toolkit.standardassets/Materials/MRTK_Standard_Gray.mat
  artifactKey: Guid(835cb4a58f172d7478801db95e510f56) Importer(815301076,1909f56bfc062723c751e8b465ee728b)
Start importing Packages/com.microsoft.mixedreality.toolkit.standardassets/Materials/MRTK_Standard_Gray.mat using Guid(835cb4a58f172d7478801db95e510f56) Importer(815301076,1909f56bfc062723c751e8b465ee728b)  -> (artifact id: '858815055bc1d80f213daf68638af9dc') in 0.021451 seconds 
========================================================================
Received Import Request.
  Time since last request: 0.000020 seconds.
  path: Packages/com.microsoft.mixedreality.toolkit.standardassets/Materials/MRTK_Standard_GlowingOrange.mat
  artifactKey: Guid(a50237e3265fe9149a16e889fd8d8b4c) Importer(815301076,1909f56bfc062723c751e8b465ee728b)
Start importing Packages/com.microsoft.mixedreality.toolkit.standardassets/Materials/MRTK_Standard_GlowingOrange.mat using Guid(a50237e3265fe9149a16e889fd8d8b4c) Importer(815301076,1909f56bfc062723c751e8b465ee728b)  -> (artifact id: 'a55f97036579d153d87f690ea84def21') in 0.017025 seconds 
========================================================================
Received Import Request.
  Time since last request: 0.000024 seconds.
  path: Packages/com.microsoft.mixedreality.toolkit.standardassets/Materials/MRTK_Standard_TransparentCyan.mat
  artifactKey: Guid(c6bd404f506e1894289fde7b1689f901) Importer(815301076,1909f56bfc062723c751e8b465ee728b)
Start importing Packages/com.microsoft.mixedreality.toolkit.standardassets/Materials/MRTK_Standard_TransparentCyan.mat using Guid(c6bd404f506e1894289fde7b1689f901) Importer(815301076,1909f56bfc062723c751e8b465ee728b)  -> (artifact id: 'b7f07644ac9ad0564762bec45c64df75') in 0.022293 seconds 
========================================================================
Received Import Request.
  Time since last request: 0.000029 seconds.
  path: Packages/com.microsoft.mixedreality.toolkit.standardassets/Materials/MRTK_Standard_TransparentGreen.mat
  artifactKey: Guid(163c37494bc2d0540b3488a9d901ee07) Importer(815301076,1909f56bfc062723c751e8b465ee728b)
Start importing Packages/com.microsoft.mixedreality.toolkit.standardassets/Materials/MRTK_Standard_TransparentGreen.mat using Guid(163c37494bc2d0540b3488a9d901ee07) Importer(815301076,1909f56bfc062723c751e8b465ee728b)  -> (artifact id: 'e2b5155baad518f4a8e3ed01c53831c0') in 0.017473 seconds 
========================================================================
Received Import Request.
  Time since last request: 0.000027 seconds.
  path: Packages/com.microsoft.mixedreality.toolkit.standardassets/Materials/MRTK_Standard_Purple.mat
  artifactKey: Guid(d808c628536649eaa61f2a2f2d16c6cc) Importer(815301076,1909f56bfc062723c751e8b465ee728b)
Start importing Packages/com.microsoft.mixedreality.toolkit.standardassets/Materials/MRTK_Standard_Purple.mat using Guid(d808c628536649eaa61f2a2f2d16c6cc) Importer(815301076,1909f56bfc062723c751e8b465ee728b)  -> (artifact id: '6113294dc0b95357a9d48e2259a0bef6') in 0.017906 seconds 
========================================================================
Received Import Request.
  Time since last request: 0.000021 seconds.
  path: Packages/com.microsoft.mixedreality.toolkit.standardassets/Materials/MRTK_Standard_TransparentWhite.mat
  artifactKey: Guid(978c13c1492639341a61913375335e64) Importer(815301076,1909f56bfc062723c751e8b465ee728b)
Start importing Packages/com.microsoft.mixedreality.toolkit.standardassets/Materials/MRTK_Standard_TransparentWhite.mat using Guid(978c13c1492639341a61913375335e64) Importer(815301076,1909f56bfc062723c751e8b465ee728b)  -> (artifact id: 'eb6c171370a52b6174f9b5712a38c264') in 0.017726 seconds 
========================================================================
Received Import Request.
  Time since last request: 0.000026 seconds.
  path: Packages/com.microsoft.mixedreality.toolkit.standardassets/Materials/MRTK_Standard_TransparentPurple.mat
  artifactKey: Guid(0d8c6bb9c868a9246abea5b9462b401f) Importer(815301076,1909f56bfc062723c751e8b465ee728b)
Start importing Packages/com.microsoft.mixedreality.toolkit.standardassets/Materials/MRTK_Standard_TransparentPurple.mat using Guid(0d8c6bb9c868a9246abea5b9462b401f) Importer(815301076,1909f56bfc062723c751e8b465ee728b)  -> (artifact id: 'f9c967567eda10b559aace23412668e4') in 0.021755 seconds 
========================================================================
Received Import Request.
  Time since last request: 0.000033 seconds.
  path: Packages/com.microsoft.mixedreality.toolkit.standardassets/Materials/MRTK_Wireframe.mat
  artifactKey: Guid(47c3d3b0d8143e3489351498fceed55d) Importer(815301076,1909f56bfc062723c751e8b465ee728b)
Start importing Packages/com.microsoft.mixedreality.toolkit.standardassets/Materials/MRTK_Wireframe.mat using Guid(47c3d3b0d8143e3489351498fceed55d) Importer(815301076,1909f56bfc062723c751e8b465ee728b)  -> (artifact id: '3f67ac73237e5fa572b05bf74459036e') in 0.056595 seconds 
========================================================================
Received Import Request.
  Time since last request: 0.000029 seconds.
  path: Packages/com.microsoft.mixedreality.toolkit.standardassets/Materials/MRTK_Standard_TransparentOrange.mat
  artifactKey: Guid(4e7efd468ef796b4cbdefce6c9b071f9) Importer(815301076,1909f56bfc062723c751e8b465ee728b)
Start importing Packages/com.microsoft.mixedreality.toolkit.standardassets/Materials/MRTK_Standard_TransparentOrange.mat using Guid(4e7efd468ef796b4cbdefce6c9b071f9) Importer(815301076,1909f56bfc062723c751e8b465ee728b)  -> (artifact id: '0a272cf39878225c012d365d0ff82ef0') in 0.019657 seconds 
========================================================================
Received Import Request.
  Time since last request: 0.000029 seconds.
  path: Packages/com.microsoft.mixedreality.toolkit.standardassets/Materials/MRTK_Standard_TransparentGray.mat
  artifactKey: Guid(caaf928081244ea78e869b5904d8ddff) Importer(815301076,1909f56bfc062723c751e8b465ee728b)
Start importing Packages/com.microsoft.mixedreality.toolkit.standardassets/Materials/MRTK_Standard_TransparentGray.mat using Guid(caaf928081244ea78e869b5904d8ddff) Importer(815301076,1909f56bfc062723c751e8b465ee728b)  -> (artifact id: '3c4938836eb712f986c9180fae4712fe') in 0.020322 seconds 
========================================================================
Received Import Request.
  Time since last request: 0.000044 seconds.
  path: Packages/com.microsoft.mixedreality.toolkit.standardassets/Materials/MRTK_Standard_Red.mat
  artifactKey: Guid(c4a1b7475a654dd0acaa0cfdfba2e20c) Importer(815301076,1909f56bfc062723c751e8b465ee728b)
Start importing Packages/com.microsoft.mixedreality.toolkit.standardassets/Materials/MRTK_Standard_Red.mat using Guid(c4a1b7475a654dd0acaa0cfdfba2e20c) Importer(815301076,1909f56bfc062723c751e8b465ee728b)  -> (artifact id: '979bece55c524381a498d38e905116a4') in 0.022329 seconds 
========================================================================
Received Import Request.
  Time since last request: 0.000031 seconds.
  path: Packages/com.microsoft.mixedreality.toolkit.standardassets/Materials/MRTK_Standard_TransparentDarkGray.mat
  artifactKey: Guid(07ebc80273d64c84b923be3e5f484151) Importer(815301076,1909f56bfc062723c751e8b465ee728b)
Start importing Packages/com.microsoft.mixedreality.toolkit.standardassets/Materials/MRTK_Standard_TransparentDarkGray.mat using Guid(07ebc80273d64c84b923be3e5f484151) Importer(815301076,1909f56bfc062723c751e8b465ee728b)  -> (artifact id: '745bd4c2d29851a709c09707876ed469') in 0.020509 seconds 
========================================================================
Received Import Request.
  Time since last request: 0.000031 seconds.
  path: Packages/com.microsoft.mixedreality.toolkit.standardassets/Materials/MRTK_Standard_DarkGray.mat
  artifactKey: Guid(f40914b49f8741e39df5b08d3db15497) Importer(815301076,1909f56bfc062723c751e8b465ee728b)
Start importing Packages/com.microsoft.mixedreality.toolkit.standardassets/Materials/MRTK_Standard_DarkGray.mat using Guid(f40914b49f8741e39df5b08d3db15497) Importer(815301076,1909f56bfc062723c751e8b465ee728b)  -> (artifact id: 'f4a4e442c98209e5f871edd7fee8eef3') in 0.020656 seconds 
========================================================================
Received Import Request.
  Time since last request: 0.000036 seconds.
  path: Packages/com.microsoft.mixedreality.toolkit.standardassets/Materials/MRTK_Standard_Magenta.mat
  artifactKey: Guid(71d573ea4cb045cdadc98e56044f6d2c) Importer(815301076,1909f56bfc062723c751e8b465ee728b)
Start importing Packages/com.microsoft.mixedreality.toolkit.standardassets/Materials/MRTK_Standard_Magenta.mat using Guid(71d573ea4cb045cdadc98e56044f6d2c) Importer(815301076,1909f56bfc062723c751e8b465ee728b)  -> (artifact id: '1ad81c0de266fb4fbe866d646cc72bc8') in 0.020414 seconds 
========================================================================
Received Import Request.
  Time since last request: 0.000040 seconds.
  path: Packages/com.microsoft.mixedreality.toolkit.standardassets/Materials/MRTK_Standard_Yellow.mat
  artifactKey: Guid(cb74390ea57642f8b5ca0aa8f5fb38c1) Importer(815301076,1909f56bfc062723c751e8b465ee728b)
Start importing Packages/com.microsoft.mixedreality.toolkit.standardassets/Materials/MRTK_Standard_Yellow.mat using Guid(cb74390ea57642f8b5ca0aa8f5fb38c1) Importer(815301076,1909f56bfc062723c751e8b465ee728b)  -> (artifact id: '9ecab40a3bd0dd13628136e65f71321b') in 0.029695 seconds 
========================================================================
Received Import Request.
  Time since last request: 0.000024 seconds.
  path: Packages/com.microsoft.mixedreality.toolkit.standardassets/Materials/MRTK_WireframeBlue.mat
  artifactKey: Guid(a923a5d1aebc7fe449b4ab3289da537b) Importer(815301076,1909f56bfc062723c751e8b465ee728b)
Start importing Packages/com.microsoft.mixedreality.toolkit.standardassets/Materials/MRTK_WireframeBlue.mat using Guid(a923a5d1aebc7fe449b4ab3289da537b) Importer(815301076,1909f56bfc062723c751e8b465ee728b)  -> (artifact id: '2559090958750278614741184f43cfd4') in 0.022343 seconds 
========================================================================
Received Import Request.
  Time since last request: 0.000023 seconds.
  path: Packages/com.microsoft.mixedreality.toolkit.standardassets/Materials/MRTK_Standard_Charcoal.mat
  artifactKey: Guid(a5e028070ace428d8971079be1d965a6) Importer(815301076,1909f56bfc062723c751e8b465ee728b)
Start importing Packages/com.microsoft.mixedreality.toolkit.standardassets/Materials/MRTK_Standard_Charcoal.mat using Guid(a5e028070ace428d8971079be1d965a6) Importer(815301076,1909f56bfc062723c751e8b465ee728b)  -> (artifact id: '39d85a4fce1703db8d8d393c870a800d') in 0.022068 seconds 
========================================================================
Received Import Request.
  Time since last request: 0.000038 seconds.
  path: Packages/com.microsoft.mixedreality.toolkit.standardassets/Materials/Text3DSelawikBold.mat
  artifactKey: Guid(114fd1489fbd406ab097068cd1fa8842) Importer(815301076,1909f56bfc062723c751e8b465ee728b)
Start importing Packages/com.microsoft.mixedreality.toolkit.standardassets/Materials/Text3DSelawikBold.mat using Guid(114fd1489fbd406ab097068cd1fa8842) Importer(815301076,1909f56bfc062723c751e8b465ee728b)  -> (artifact id: 'efbb80d34285cb8fe72551030db7e253') in 0.023270 seconds 
========================================================================
Received Import Request.
  Time since last request: 0.000042 seconds.
  path: Packages/com.microsoft.mixedreality.toolkit.standardassets/Materials/MRTK_Standard_LightGray.mat
  artifactKey: Guid(d5334c45caee46be937b095a1e977dc6) Importer(815301076,1909f56bfc062723c751e8b465ee728b)
Start importing Packages/com.microsoft.mixedreality.toolkit.standardassets/Materials/MRTK_Standard_LightGray.mat using Guid(d5334c45caee46be937b095a1e977dc6) Importer(815301076,1909f56bfc062723c751e8b465ee728b)  -> (artifact id: 'ff6d02156e6d2e2dec1884ff95a9c1dd') in 0.026209 seconds 
========================================================================
Received Import Request.
  Time since last request: 0.000022 seconds.
  path: Packages/com.microsoft.mixedreality.toolkit.standardassets/Materials/MRTK_Standard_Orange.mat
  artifactKey: Guid(71d471797c0e430783230146721c3fcb) Importer(815301076,1909f56bfc062723c751e8b465ee728b)
Start importing Packages/com.microsoft.mixedreality.toolkit.standardassets/Materials/MRTK_Standard_Orange.mat using Guid(71d471797c0e430783230146721c3fcb) Importer(815301076,1909f56bfc062723c751e8b465ee728b)  -> (artifact id: '7335da95e29135cff453cda360f08da9') in 0.020568 seconds 
Editor requested this worker to shutdown with reason: Scaling down because of idle timeout
AssetImportWorker is now disconnected from the server
Process exiting
Exiting without the bug reporter. Application will terminate with return code 0