Using pre-set license
Built from '2022.1/staging' branch; Version is '2022.1.23f1 (9636b062134a) revision 9844400'; Using compiler version '192829333'; Build Type 'Release'
OS: 'Windows 10  (10.0.19045) 64bit Professional' Language: 'en' Physical Memory: 16173 MB
BatchMode: 1, IsHumanControllingUs: 0, StartBugReporterOnCrash: 0, Is64bit: 1, IsPro: 1

COMMAND LINE ARGUMENTS:
C:\Program Files\Unity\Hub\Editor\2022.1.23f1\Editor\Unity.exe
-adb2
-batchMode
-noUpm
-name
AssetImportWorker14
-projectPath
C:/Users/Parisa/wkspaces/UserStudy_main/VarjoMRTKProject
-logFile
Logs/AssetImportWorker14.log
-srvPort
64071
Successfully changed project path to: C:/Users/Parisa/wkspaces/UserStudy_main/VarjoMRTKProject
C:/Users/Parisa/wkspaces/UserStudy_main/VarjoMRTKProject
[UnityMemory] Configuration Parameters - Can be set up in boot.config
    "memorysetup-bucket-allocator-granularity=16"
    "memorysetup-bucket-allocator-bucket-count=8"
    "memorysetup-bucket-allocator-block-size=33554432"
    "memorysetup-bucket-allocator-block-count=8"
    "memorysetup-main-allocator-block-size=16777216"
    "memorysetup-thread-allocator-block-size=16777216"
    "memorysetup-gfx-main-allocator-block-size=16777216"
    "memorysetup-gfx-thread-allocator-block-size=16777216"
    "memorysetup-cache-allocator-block-size=4194304"
    "memorysetup-typetree-allocator-block-size=2097152"
    "memorysetup-profiler-bucket-allocator-granularity=16"
    "memorysetup-profiler-bucket-allocator-bucket-count=8"
    "memorysetup-profiler-bucket-allocator-block-size=33554432"
    "memorysetup-profiler-bucket-allocator-block-count=8"
    "memorysetup-profiler-allocator-block-size=16777216"
    "memorysetup-profiler-editor-allocator-block-size=1048576"
    "memorysetup-temp-allocator-size-main=16777216"
    "memorysetup-job-temp-allocator-block-size=2097152"
    "memorysetup-job-temp-allocator-block-size-background=1048576"
    "memorysetup-job-temp-allocator-reduction-small-platforms=262144"
    "memorysetup-temp-allocator-size-background-worker=32768"
    "memorysetup-temp-allocator-size-job-worker=262144"
    "memorysetup-temp-allocator-size-preload-manager=33554432"
    "memorysetup-temp-allocator-size-nav-mesh-worker=65536"
    "memorysetup-temp-allocator-size-audio-worker=65536"
    "memorysetup-temp-allocator-size-cloud-worker=32768"
    "memorysetup-temp-allocator-size-gi-baking-worker=262144"
    "memorysetup-temp-allocator-size-gfx=262144"
Refreshing native plugins compatible for Editor in 191.54 ms, found 18 plugins.
Preloading 0 native plugins for Editor in 0.00 ms.
Initialize engine version: 2022.1.23f1 (9636b062134a)
[Subsystems] Discovering subsystems at path C:/Program Files/Unity/Hub/Editor/2022.1.23f1/Editor/Data/Resources/UnitySubsystems
[Subsystems] Discovering subsystems at path C:/Users/Parisa/wkspaces/UserStudy_main/VarjoMRTKProject/Assets
GfxDevice: creating device client; threaded=0; jobified=0
Direct3D:
    Version:  Direct3D 11.0 [level 11.1]
    Renderer: NVIDIA GeForce RTX 2080 with Max-Q Design (ID=0x1e90)
    Vendor:   NVIDIA
    VRAM:     8010 MB
    Driver:   30.0.15.1298
Initialize mono
Mono path[0] = 'C:/Program Files/Unity/Hub/Editor/2022.1.23f1/Editor/Data/Managed'
Mono path[1] = 'C:/Program Files/Unity/Hub/Editor/2022.1.23f1/Editor/Data/MonoBleedingEdge/lib/mono/unityjit-win32'
Mono config path = 'C:/Program Files/Unity/Hub/Editor/2022.1.23f1/Editor/Data/MonoBleedingEdge/etc'
Using monoOptions --debugger-agent=transport=dt_socket,embedding=1,server=y,suspend=n,address=127.0.0.1:56548
Begin MonoManager ReloadAssembly
Registering precompiled unity dll's ...
Register platform support module: C:/Program Files/Unity/Hub/Editor/2022.1.23f1/Editor/Data/PlaybackEngines/iOSSupport/UnityEditor.iOS.Extensions.dll
Register platform support module: C:/Program Files/Unity/Hub/Editor/2022.1.23f1/Editor/Data/PlaybackEngines/WindowsStandaloneSupport/UnityEditor.WindowsStandalone.Extensions.dll
Register platform support module: C:/Program Files/Unity/Hub/Editor/2022.1.23f1/Editor/Data/PlaybackEngines/MetroSupport/UnityEditor.UWP.Extensions.dll
Registered in 0.008226 seconds.
Native extension for UWP target not found
Native extension for WindowsStandalone target not found
[usbmuxd] Start listen thread
[usbmuxd] Listen thread started
[usbmuxd] Send listen message
Native extension for iOS target not found
Refreshing native plugins compatible for Editor in 194.02 ms, found 18 plugins.
Preloading 0 native plugins for Editor in 0.00 ms.
Mono: successfully reloaded assembly
- Completed reload, in  0.740 seconds
Domain Reload Profiling:
	ReloadAssembly (740ms)
		BeginReloadAssembly (65ms)
			ExecutionOrderSort (0ms)
			DisableScriptedObjects (0ms)
			BackupInstance (0ms)
			ReleaseScriptingObjects (0ms)
			CreateAndSetChildDomain (1ms)
		EndReloadAssembly (574ms)
			LoadAssemblies (63ms)
			RebuildTransferFunctionScriptingTraits (0ms)
			SetupTypeCache (104ms)
				TypeCache.Initialize (104ms)
					TypeCache.ScanAssembly (103ms)
				ResolveRequiredComponents (0ms)
			ReleaseScriptCaches (0ms)
			RebuildScriptCaches (25ms)
			SetupLoadedEditorAssemblies (394ms)
				LogAssemblyErrors (0ms)
				InitializePlatformSupportModulesInManaged (23ms)
				SetLoadedEditorAssemblies (7ms)
				RefreshPlugins (194ms)
				BeforeProcessingInitializeOnLoad (2ms)
				ProcessInitializeOnLoadAttributes (127ms)
				ProcessInitializeOnLoadMethodAttributes (42ms)
				AfterProcessingInitializeOnLoad (0ms)
				EditorAssembliesLoaded (0ms)
			ExecutionOrderSort2 (0ms)
			AwakeInstancesAfterBackupRestoration (0ms)
Platform modules already initialized, skipping
Registering precompiled user dll's ...
Registered in 0.011694 seconds.
Begin MonoManager ReloadAssembly
Symbol file LoadedFromMemory doesn't match image C:\Users\Parisa\wkspaces\UserStudy_main\VarjoMRTKProject\Library\PackageCache\com.unity.visualscripting@1.7.8\Editor\VisualScripting.Core\Dependencies\DotNetZip\Unity.VisualScripting.IonicZip.dll
Symbol file LoadedFromMemory doesn't match image C:\Users\Parisa\wkspaces\UserStudy_main\VarjoMRTKProject\Library\PackageCache\com.unity.visualscripting@1.7.8\Editor\VisualScripting.Core\Dependencies\YamlDotNet\Unity.VisualScripting.YamlDotNet.dll
Native extension for UWP target not found
Native extension for WindowsStandalone target not found
Native extension for iOS target not found
Refreshing native plugins compatible for Editor in 152.51 ms, found 18 plugins.
Preloading 0 native plugins for Editor in 0.00 ms.
Package Manager log level set to [2]
[Package Manager] Server::EnsureServerProcessIsRunning -- launch failed, reason: Unity was launched with the -noUpm command-line argument
[Package Manager] UpmClient::Send -- Unable to send message (not connected to UPM process).
[Package Manager] Cannot connect to Unity Package Manager local server
Mono: successfully reloaded assembly
[Package Manager] Server::EnsureServerProcessIsRunning -- launch failed, reason: Unity was launched with the -noUpm command-line argument
[Package Manager] UpmClient::Send -- Unable to send message (not connected to UPM process).
[Package Manager] Cannot connect to Unity Package Manager local server
[Package Manager] Server::EnsureServerProcessIsRunning -- launch failed, reason: Unity was launched with the -noUpm command-line argument
[Package Manager] UpmClient::Send -- Unable to send message (not connected to UPM process).
[Package Manager] Cannot connect to Unity Package Manager local server
- Completed reload, in  1.731 seconds
Domain Reload Profiling:
	ReloadAssembly (1731ms)
		BeginReloadAssembly (104ms)
			ExecutionOrderSort (0ms)
			DisableScriptedObjects (5ms)
			BackupInstance (0ms)
			ReleaseScriptingObjects (0ms)
			CreateAndSetChildDomain (18ms)
		EndReloadAssembly (1520ms)
			LoadAssemblies (98ms)
			RebuildTransferFunctionScriptingTraits (0ms)
			SetupTypeCache (316ms)
				TypeCache.Initialize (297ms)
					TypeCache.ScanAssembly (293ms)
				ResolveRequiredComponents (19ms)
			ReleaseScriptCaches (1ms)
			RebuildScriptCaches (88ms)
			SetupLoadedEditorAssemblies (962ms)
				LogAssemblyErrors (0ms)
				InitializePlatformSupportModulesInManaged (18ms)
				SetLoadedEditorAssemblies (6ms)
				RefreshPlugins (153ms)
				BeforeProcessingInitializeOnLoad (162ms)
				ProcessInitializeOnLoadAttributes (510ms)
				ProcessInitializeOnLoadMethodAttributes (106ms)
				AfterProcessingInitializeOnLoad (7ms)
				EditorAssembliesLoaded (0ms)
			ExecutionOrderSort2 (0ms)
			AwakeInstancesAfterBackupRestoration (7ms)
Platform modules already initialized, skipping
========================================================================
Worker process is ready to serve import requests
Launched and connected shader compiler UnityShaderCompiler.exe after 0.04 seconds
Refreshing native plugins compatible for Editor in 1.75 ms, found 18 plugins.
Preloading 0 native plugins for Editor in 0.00 ms.
Unloading 7880 Unused Serialized files (Serialized files now loaded: 0)
Unloading 60 unused Assets / (354.4 KB). Loaded Objects now: 8354.
Memory consumption went from 1.20 GB to 1.20 GB.
Total: 5.124500 ms (FindLiveObjects: 0.547000 ms CreateObjectMapping: 0.540700 ms MarkObjects: 3.880300 ms  DeleteObjects: 0.155900 ms)

AssetImportParameters requested are different than current active one (requested -> active):
  custom:video-decoder-ogg-theora: a1e56fd34408186e4bbccfd4996cb3dc -> 
  custom:container-muxer-webm: aa71ff27fc2769a1b78a27578f13a17b -> 
  custom:container-demuxer-webm: 4f35f7cbe854078d1ac9338744f61a02 -> 
  custom:video-encoder-webm-vp8: eb34c28f22e8b96e1ab97ce403110664 -> 
  custom:audio-encoder-webm-vorbis: bf7c407c2cedff20999df2af8eb42d56 -> 
  custom:framework-win-MediaFoundation: 216162199b28c13a410421893ffa2e32 -> 
  custom:container-demuxer-ogg: 62fdf1f143b41e24485cea50d1cbac27 -> 
  custom:video-decoder-webm-vp8: 9c59270c3fd7afecdb556c50c9e8de78 -> 
  custom:audio-decoder-ogg-vorbis: bf7c407c2cedff20999df2af8eb42d56 -> 
========================================================================
Received Import Request.
  Time since last request: 176314.024441 seconds.
  path: Packages/com.microsoft.mixedreality.toolkit.standardassets/Materials/UIDarkGray.mat
  artifactKey: Guid(a8de2758c4b4460cae694f0d50d94fbb) Importer(815301076,1909f56bfc062723c751e8b465ee728b)
Start importing Packages/com.microsoft.mixedreality.toolkit.standardassets/Materials/UIDarkGray.mat using Guid(a8de2758c4b4460cae694f0d50d94fbb) Importer(815301076,1909f56bfc062723c751e8b465ee728b)  -> (artifact id: '32a6474995ec37dbf20c6d6c7260d176') in 0.304465 seconds 
========================================================================
Received Import Request.
  Time since last request: 510.778523 seconds.
  path: Packages/com.microsoft.mixedreality.toolkit.standardassets/Icons/mixed_reality_icon.png
  artifactKey: Guid(6eccdbd0228d47ab9ac6ca58258f9112) Importer(815301076,1909f56bfc062723c751e8b465ee728b)
Start importing Packages/com.microsoft.mixedreality.toolkit.standardassets/Icons/mixed_reality_icon.png using Guid(6eccdbd0228d47ab9ac6ca58258f9112) Importer(815301076,1909f56bfc062723c751e8b465ee728b)  -> (artifact id: 'b5c92ae1d0b1f68ea02810884dfde166') in 0.042927 seconds 
========================================================================
Received Import Request.
  Time since last request: 0.000035 seconds.
  path: Packages/com.microsoft.mixedreality.toolkit.standardassets/Icons/settings_icon.png
  artifactKey: Guid(4f9f54f9478441228dea18a2c828cfc6) Importer(815301076,1909f56bfc062723c751e8b465ee728b)
Start importing Packages/com.microsoft.mixedreality.toolkit.standardassets/Icons/settings_icon.png using Guid(4f9f54f9478441228dea18a2c828cfc6) Importer(815301076,1909f56bfc062723c751e8b465ee728b)  -> (artifact id: '2a11404fba571202d3e2dc13c7617747') in 0.019822 seconds 
========================================================================
Received Import Request.
  Time since last request: 0.000039 seconds.
  path: Packages/com.microsoft.mixedreality.toolkit.standardassets/Icons/ux_icon.png
  artifactKey: Guid(3b748943b2ee497cb401b923729b41c5) Importer(815301076,1909f56bfc062723c751e8b465ee728b)
Start importing Packages/com.microsoft.mixedreality.toolkit.standardassets/Icons/ux_icon.png using Guid(3b748943b2ee497cb401b923729b41c5) Importer(815301076,1909f56bfc062723c751e8b465ee728b)  -> (artifact id: '24376f3d2e9ba5389a16491d84650dc8') in 0.015171 seconds 
========================================================================
Received Import Request.
  Time since last request: 0.000029 seconds.
  path: Packages/com.microsoft.mixedreality.toolkit.standardassets/Icons/spatial_understanding_icon.png
  artifactKey: Guid(b44193be762b4e3aa8703213d677338d) Importer(815301076,1909f56bfc062723c751e8b465ee728b)
Start importing Packages/com.microsoft.mixedreality.toolkit.standardassets/Icons/spatial_understanding_icon.png using Guid(b44193be762b4e3aa8703213d677338d) Importer(815301076,1909f56bfc062723c751e8b465ee728b)  -> (artifact id: 'a25fe48a142e215339476f16147de704') in 0.016161 seconds 
========================================================================
Received Import Request.
  Time since last request: 0.000024 seconds.
  path: Packages/com.microsoft.mixedreality.toolkit.standardassets/Icons/test_icon.png
  artifactKey: Guid(731058d908be67544b92b0341f29d906) Importer(815301076,1909f56bfc062723c751e8b465ee728b)
Start importing Packages/com.microsoft.mixedreality.toolkit.standardassets/Icons/test_icon.png using Guid(731058d908be67544b92b0341f29d906) Importer(815301076,1909f56bfc062723c751e8b465ee728b)  -> (artifact id: '9f9259a6a8700a843fd66689033e1ce9') in 0.024325 seconds 
========================================================================
Received Import Request.
  Time since last request: 3.345388 seconds.
  path: Packages/com.microsoft.mixedreality.toolkit.standardassets/Fonts/selawkb.ttf
  artifactKey: Guid(a99e8b1ed1154eb58270cc6a18605657) Importer(815301076,1909f56bfc062723c751e8b465ee728b)
Start importing Packages/com.microsoft.mixedreality.toolkit.standardassets/Fonts/selawkb.ttf using Guid(a99e8b1ed1154eb58270cc6a18605657) Importer(815301076,1909f56bfc062723c751e8b465ee728b)  -> (artifact id: 'd6d9c2a10ab7452de4431e2163cc8707') in 0.056459 seconds 
========================================================================
Received Import Request.
  Time since last request: 0.000028 seconds.
  path: Packages/com.microsoft.mixedreality.toolkit.standardassets/Fonts/selawkl.ttf
  artifactKey: Guid(e65983ad3f7b44aa81e726d5ffb472d7) Importer(815301076,1909f56bfc062723c751e8b465ee728b)
Start importing Packages/com.microsoft.mixedreality.toolkit.standardassets/Fonts/selawkl.ttf using Guid(e65983ad3f7b44aa81e726d5ffb472d7) Importer(815301076,1909f56bfc062723c751e8b465ee728b)  -> (artifact id: '3761ab7b91d2f565c25a012821171ca4') in 0.028098 seconds 
========================================================================
Received Import Request.
  Time since last request: 1.963926 seconds.
  path: Packages/com.microsoft.mixedreality.toolkit.standardassets/Audio/MRTK_ButtonUnpress.wav
  artifactKey: Guid(40ae713ddf420714bbc1a3b5c3f2eac1) Importer(815301076,1909f56bfc062723c751e8b465ee728b)
Start importing Packages/com.microsoft.mixedreality.toolkit.standardassets/Audio/MRTK_ButtonUnpress.wav using Guid(40ae713ddf420714bbc1a3b5c3f2eac1) Importer(815301076,1909f56bfc062723c751e8b465ee728b)  -> (artifact id: 'ab5fbd2619eb640034492da1d5f92db2') in 0.085789 seconds 
========================================================================
Received Import Request.
  Time since last request: 0.000023 seconds.
  path: Packages/com.microsoft.mixedreality.toolkit.standardassets/Audio/MRTK_Slate_Release.wav
  artifactKey: Guid(45a90682f74bb0c41b65994c63b74e60) Importer(815301076,1909f56bfc062723c751e8b465ee728b)
Start importing Packages/com.microsoft.mixedreality.toolkit.standardassets/Audio/MRTK_Slate_Release.wav using Guid(45a90682f74bb0c41b65994c63b74e60) Importer(815301076,1909f56bfc062723c751e8b465ee728b)  -> (artifact id: 'c786e913d8bdcb2d2a6a2f4b13f24916') in 0.014893 seconds 
========================================================================
Received Import Request.
  Time since last request: 0.000033 seconds.
  path: Packages/com.microsoft.mixedreality.toolkit.standardassets/Audio/MRTK_Select_Main.wav
  artifactKey: Guid(06f9d598e90313646bbff63530142344) Importer(815301076,1909f56bfc062723c751e8b465ee728b)
Start importing Packages/com.microsoft.mixedreality.toolkit.standardassets/Audio/MRTK_Select_Main.wav using Guid(06f9d598e90313646bbff63530142344) Importer(815301076,1909f56bfc062723c751e8b465ee728b)  -> (artifact id: '8fac3155d4a31d2074f1d7df5ac6dba7') in 0.026509 seconds 
========================================================================
Received Import Request.
  Time since last request: 0.000032 seconds.
  path: Packages/com.microsoft.mixedreality.toolkit.standardassets/Audio/MRTK_Scale_Start.wav
  artifactKey: Guid(bdc1f15a0c976854780adcd7e56cfb3e) Importer(815301076,1909f56bfc062723c751e8b465ee728b)
Start importing Packages/com.microsoft.mixedreality.toolkit.standardassets/Audio/MRTK_Scale_Start.wav using Guid(bdc1f15a0c976854780adcd7e56cfb3e) Importer(815301076,1909f56bfc062723c751e8b465ee728b)  -> (artifact id: 'df88a8286f15fc14026f0fcb49221e4f') in 0.018562 seconds 
========================================================================
Received Import Request.
  Time since last request: 0.000029 seconds.
  path: Packages/com.microsoft.mixedreality.toolkit.standardassets/Audio/MRTK_Slider_Pass_Notch.wav
  artifactKey: Guid(0632575a55cf09349a999a10968f6395) Importer(815301076,1909f56bfc062723c751e8b465ee728b)
Start importing Packages/com.microsoft.mixedreality.toolkit.standardassets/Audio/MRTK_Slider_Pass_Notch.wav using Guid(0632575a55cf09349a999a10968f6395) Importer(815301076,1909f56bfc062723c751e8b465ee728b)  -> (artifact id: '5b3b03c34f2869ce63b45a14fb2792b3') in 0.024492 seconds 
========================================================================
Received Import Request.
  Time since last request: 0.000027 seconds.
  path: Packages/com.microsoft.mixedreality.toolkit.standardassets/Audio/MRTK_Rotate_Start.wav
  artifactKey: Guid(765efbcf7ca1773488edcc8ab6ba4923) Importer(815301076,1909f56bfc062723c751e8b465ee728b)
Start importing Packages/com.microsoft.mixedreality.toolkit.standardassets/Audio/MRTK_Rotate_Start.wav using Guid(765efbcf7ca1773488edcc8ab6ba4923) Importer(815301076,1909f56bfc062723c751e8b465ee728b)  -> (artifact id: '928b4f9a1afc71d4b61aee4de9e6cc86') in 0.020958 seconds 
========================================================================
Received Import Request.
  Time since last request: 0.000030 seconds.
  path: Packages/com.microsoft.mixedreality.toolkit.standardassets/Audio/MRTK_Scale_Stop.wav
  artifactKey: Guid(23a78d131feb8774ebe5dd1ea221933e) Importer(815301076,1909f56bfc062723c751e8b465ee728b)
Start importing Packages/com.microsoft.mixedreality.toolkit.standardassets/Audio/MRTK_Scale_Stop.wav using Guid(23a78d131feb8774ebe5dd1ea221933e) Importer(815301076,1909f56bfc062723c751e8b465ee728b)  -> (artifact id: '487e843349e4a66f21cdcf580849e988') in 0.016731 seconds 
========================================================================
Received Import Request.
  Time since last request: 0.000022 seconds.
  path: Packages/com.microsoft.mixedreality.toolkit.standardassets/Audio/MRTK_Slate_Touch.wav
  artifactKey: Guid(ac992f1ec8cfba145b10655b334ec711) Importer(815301076,1909f56bfc062723c751e8b465ee728b)
Start importing Packages/com.microsoft.mixedreality.toolkit.standardassets/Audio/MRTK_Slate_Touch.wav using Guid(ac992f1ec8cfba145b10655b334ec711) Importer(815301076,1909f56bfc062723c751e8b465ee728b)  -> (artifact id: '5c73ec0a2204e167b1c2ea9d22549476') in 0.016717 seconds 
========================================================================
Received Import Request.
  Time since last request: 0.000022 seconds.
  path: Packages/com.microsoft.mixedreality.toolkit.standardassets/Audio/MRTK_Gem.wav
  artifactKey: Guid(2193e9060a088b24f97f48d1e1a4a862) Importer(815301076,1909f56bfc062723c751e8b465ee728b)
Start importing Packages/com.microsoft.mixedreality.toolkit.standardassets/Audio/MRTK_Gem.wav using Guid(2193e9060a088b24f97f48d1e1a4a862) Importer(815301076,1909f56bfc062723c751e8b465ee728b)  -> (artifact id: '958c625156549d6e59900bd82c0a61da') in 0.022079 seconds 
========================================================================
Received Import Request.
  Time since last request: 0.000038 seconds.
  path: Packages/com.microsoft.mixedreality.toolkit.standardassets/Audio/MRTK_Shell_Click_Init.wav
  artifactKey: Guid(5e03cdafc88015c47af4cad5d65de327) Importer(815301076,1909f56bfc062723c751e8b465ee728b)
Start importing Packages/com.microsoft.mixedreality.toolkit.standardassets/Audio/MRTK_Shell_Click_Init.wav using Guid(5e03cdafc88015c47af4cad5d65de327) Importer(815301076,1909f56bfc062723c751e8b465ee728b)  -> (artifact id: 'da6507823ba46ccb6581052398ea0c2a') in 0.022036 seconds 
========================================================================
Received Import Request.
  Time since last request: 0.000055 seconds.
  path: Packages/com.microsoft.mixedreality.toolkit.standardassets/Audio/MRTK_Slider_Release.wav
  artifactKey: Guid(32c013149113ba24cb267e1e3f6725c7) Importer(815301076,1909f56bfc062723c751e8b465ee728b)
Start importing Packages/com.microsoft.mixedreality.toolkit.standardassets/Audio/MRTK_Slider_Release.wav using Guid(32c013149113ba24cb267e1e3f6725c7) Importer(815301076,1909f56bfc062723c751e8b465ee728b)  -> (artifact id: '1c38daa36804cbca415b035d1ce1dac9') in 0.022608 seconds 
========================================================================
Received Import Request.
  Time since last request: 0.000030 seconds.
  path: Packages/com.microsoft.mixedreality.toolkit.standardassets/Audio/MRTK_Move_Start.wav
  artifactKey: Guid(72d90092d0f1a734eb1cfcf71b8fa2e4) Importer(815301076,1909f56bfc062723c751e8b465ee728b)
Start importing Packages/com.microsoft.mixedreality.toolkit.standardassets/Audio/MRTK_Move_Start.wav using Guid(72d90092d0f1a734eb1cfcf71b8fa2e4) Importer(815301076,1909f56bfc062723c751e8b465ee728b)  -> (artifact id: '49fd693bb9a1beb8ae3117ad8f204b7c') in 0.020463 seconds 
========================================================================
Received Import Request.
  Time since last request: 1.683861 seconds.
  path: Packages/com.microsoft.mixedreality.toolkit.standardassets/Textures/IridescentSpectrum.png
  artifactKey: Guid(86609bdc7f4c43d42991f96373fb8081) Importer(815301076,1909f56bfc062723c751e8b465ee728b)
Start importing Packages/com.microsoft.mixedreality.toolkit.standardassets/Textures/IridescentSpectrum.png using Guid(86609bdc7f4c43d42991f96373fb8081) Importer(815301076,1909f56bfc062723c751e8b465ee728b)  -> (artifact id: 'a916ce39af49c53b05ec2f8adddac1ba') in 0.021540 seconds 
========================================================================
Received Import Request.
  Time since last request: 0.000022 seconds.
  path: Packages/com.microsoft.mixedreality.toolkit.standardassets/Textures/MotionController_left_black_scaled.png
  artifactKey: Guid(03b731c99d54dfb4abde4d7d1b1b9199) Importer(815301076,1909f56bfc062723c751e8b465ee728b)
Start importing Packages/com.microsoft.mixedreality.toolkit.standardassets/Textures/MotionController_left_black_scaled.png using Guid(03b731c99d54dfb4abde4d7d1b1b9199) Importer(815301076,1909f56bfc062723c751e8b465ee728b)  -> (artifact id: '603cf05cd1e6e994df981cef5a6c8e53') in 0.035427 seconds 
========================================================================
Received Import Request.
  Time since last request: 0.000029 seconds.
  path: Packages/com.microsoft.mixedreality.toolkit.standardassets/Textures/MotionController_right_white.png
  artifactKey: Guid(6588fe8449020f74488b8b667ce2f435) Importer(815301076,1909f56bfc062723c751e8b465ee728b)
Start importing Packages/com.microsoft.mixedreality.toolkit.standardassets/Textures/MotionController_right_white.png using Guid(6588fe8449020f74488b8b667ce2f435) Importer(815301076,1909f56bfc062723c751e8b465ee728b)  -> (artifact id: '5486bf140f66fc0c9ee843d05a709585') in 0.082323 seconds 
========================================================================
Received Import Request.
  Time since last request: 0.000039 seconds.
  path: Packages/com.microsoft.mixedreality.toolkit.standardassets/Textures/OculusControllersTouch_right_black.png
  artifactKey: Guid(0b431d73cc837214fbf67cab3535f975) Importer(815301076,1909f56bfc062723c751e8b465ee728b)
Start importing Packages/com.microsoft.mixedreality.toolkit.standardassets/Textures/OculusControllersTouch_right_black.png using Guid(0b431d73cc837214fbf67cab3535f975) Importer(815301076,1909f56bfc062723c751e8b465ee728b)  -> (artifact id: '8c6d2f2af087fe82d2b82f8ff2d36289') in 0.079049 seconds 
========================================================================
Received Import Request.
  Time since last request: 0.000022 seconds.
  path: Packages/com.microsoft.mixedreality.toolkit.standardassets/Textures/OculusRemoteController_black_scaled.png
  artifactKey: Guid(4f391b0f78f0f294585d13e6e4ddbcc4) Importer(815301076,1909f56bfc062723c751e8b465ee728b)
Start importing Packages/com.microsoft.mixedreality.toolkit.standardassets/Textures/OculusRemoteController_black_scaled.png using Guid(4f391b0f78f0f294585d13e6e4ddbcc4) Importer(815301076,1909f56bfc062723c751e8b465ee728b)  -> (artifact id: '5ce93e949568f850aec4d927b4226ec3') in 0.038869 seconds 
========================================================================
Received Import Request.
  Time since last request: 0.000031 seconds.
  path: Packages/com.microsoft.mixedreality.toolkit.standardassets/Textures/MRTK_Logo_Black.png
  artifactKey: Guid(c2c00ef21cc44bcfa09695879e0ebecd) Importer(815301076,1909f56bfc062723c751e8b465ee728b)
Start importing Packages/com.microsoft.mixedreality.toolkit.standardassets/Textures/MRTK_Logo_Black.png using Guid(c2c00ef21cc44bcfa09695879e0ebecd) Importer(815301076,1909f56bfc062723c751e8b465ee728b)  -> (artifact id: 'bdba4d93793ebfc4bf30ea6e915577f2') in 0.151848 seconds 
========================================================================
Received Import Request.
  Time since last request: 0.000029 seconds.
  path: Packages/com.microsoft.mixedreality.toolkit.standardassets/Textures/OculusControllersTouch_left_white.png
  artifactKey: Guid(68157127a1550704596f2546ea8893d9) Importer(815301076,1909f56bfc062723c751e8b465ee728b)
Start importing Packages/com.microsoft.mixedreality.toolkit.standardassets/Textures/OculusControllersTouch_left_white.png using Guid(68157127a1550704596f2546ea8893d9) Importer(815301076,1909f56bfc062723c751e8b465ee728b)  -> (artifact id: '6e0d6b674cf06dc23e8ad364cb7dafa8') in 0.093589 seconds 
========================================================================
Received Import Request.
  Time since last request: 0.000045 seconds.
  path: Packages/com.microsoft.mixedreality.toolkit.standardassets/Textures/OculusControllersTouch_left_black.png
  artifactKey: Guid(f2237692de9624a4692e4b0440c5f476) Importer(815301076,1909f56bfc062723c751e8b465ee728b)
Start importing Packages/com.microsoft.mixedreality.toolkit.standardassets/Textures/OculusControllersTouch_left_black.png using Guid(f2237692de9624a4692e4b0440c5f476) Importer(815301076,1909f56bfc062723c751e8b465ee728b)  -> (artifact id: '5a0a60e2f51bfd9802d761a304f2a7f4') in 0.077950 seconds 
Editor requested this worker to shutdown with reason: Scaling down because of idle timeout
AssetImportWorker is now disconnected from the server
Process exiting
Exiting without the bug reporter. Application will terminate with return code 0