Using pre-set license
Built from '2022.1/staging' branch; Version is '2022.1.23f1 (9636b062134a) revision 9844400'; Using compiler version '192829333'; Build Type 'Release'
OS: 'Windows 10  (10.0.19045) 64bit Professional' Language: 'en' Physical Memory: 16173 MB
BatchMode: 1, IsHumanControllingUs: 0, StartBugReporterOnCrash: 0, Is64bit: 1, IsPro: 1

COMMAND LINE ARGUMENTS:
C:\Program Files\Unity\Hub\Editor\2022.1.23f1\Editor\Unity.exe
-adb2
-batchMode
-noUpm
-name
AssetImportWorker21
-projectPath
C:/Users/Parisa/wkspaces/UserStudy_main/VarjoMRTKProject
-logFile
Logs/AssetImportWorker21.log
-srvPort
64071
Successfully changed project path to: C:/Users/Parisa/wkspaces/UserStudy_main/VarjoMRTKProject
C:/Users/Parisa/wkspaces/UserStudy_main/VarjoMRTKProject
[UnityMemory] Configuration Parameters - Can be set up in boot.config
    "memorysetup-bucket-allocator-granularity=16"
    "memorysetup-bucket-allocator-bucket-count=8"
    "memorysetup-bucket-allocator-block-size=33554432"
    "memorysetup-bucket-allocator-block-count=8"
    "memorysetup-main-allocator-block-size=16777216"
    "memorysetup-thread-allocator-block-size=16777216"
    "memorysetup-gfx-main-allocator-block-size=16777216"
    "memorysetup-gfx-thread-allocator-block-size=16777216"
    "memorysetup-cache-allocator-block-size=4194304"
    "memorysetup-typetree-allocator-block-size=2097152"
    "memorysetup-profiler-bucket-allocator-granularity=16"
    "memorysetup-profiler-bucket-allocator-bucket-count=8"
    "memorysetup-profiler-bucket-allocator-block-size=33554432"
    "memorysetup-profiler-bucket-allocator-block-count=8"
    "memorysetup-profiler-allocator-block-size=16777216"
    "memorysetup-profiler-editor-allocator-block-size=1048576"
    "memorysetup-temp-allocator-size-main=16777216"
    "memorysetup-job-temp-allocator-block-size=2097152"
    "memorysetup-job-temp-allocator-block-size-background=1048576"
    "memorysetup-job-temp-allocator-reduction-small-platforms=262144"
    "memorysetup-temp-allocator-size-background-worker=32768"
    "memorysetup-temp-allocator-size-job-worker=262144"
    "memorysetup-temp-allocator-size-preload-manager=33554432"
    "memorysetup-temp-allocator-size-nav-mesh-worker=65536"
    "memorysetup-temp-allocator-size-audio-worker=65536"
    "memorysetup-temp-allocator-size-cloud-worker=32768"
    "memorysetup-temp-allocator-size-gi-baking-worker=262144"
    "memorysetup-temp-allocator-size-gfx=262144"
Refreshing native plugins compatible for Editor in 180.04 ms, found 18 plugins.
Preloading 0 native plugins for Editor in 0.00 ms.
Initialize engine version: 2022.1.23f1 (9636b062134a)
[Subsystems] Discovering subsystems at path C:/Program Files/Unity/Hub/Editor/2022.1.23f1/Editor/Data/Resources/UnitySubsystems
[Subsystems] Discovering subsystems at path C:/Users/Parisa/wkspaces/UserStudy_main/VarjoMRTKProject/Assets
GfxDevice: creating device client; threaded=0; jobified=0
Direct3D:
    Version:  Direct3D 11.0 [level 11.1]
    Renderer: NVIDIA GeForce RTX 2080 with Max-Q Design (ID=0x1e90)
    Vendor:   NVIDIA
    VRAM:     8010 MB
    Driver:   30.0.15.1298
Initialize mono
Mono path[0] = 'C:/Program Files/Unity/Hub/Editor/2022.1.23f1/Editor/Data/Managed'
Mono path[1] = 'C:/Program Files/Unity/Hub/Editor/2022.1.23f1/Editor/Data/MonoBleedingEdge/lib/mono/unityjit-win32'
Mono config path = 'C:/Program Files/Unity/Hub/Editor/2022.1.23f1/Editor/Data/MonoBleedingEdge/etc'
Using monoOptions --debugger-agent=transport=dt_socket,embedding=1,server=y,suspend=n,address=127.0.0.1:56164
Begin MonoManager ReloadAssembly
Registering precompiled unity dll's ...
Register platform support module: C:/Program Files/Unity/Hub/Editor/2022.1.23f1/Editor/Data/PlaybackEngines/iOSSupport/UnityEditor.iOS.Extensions.dll
Register platform support module: C:/Program Files/Unity/Hub/Editor/2022.1.23f1/Editor/Data/PlaybackEngines/WindowsStandaloneSupport/UnityEditor.WindowsStandalone.Extensions.dll
Register platform support module: C:/Program Files/Unity/Hub/Editor/2022.1.23f1/Editor/Data/PlaybackEngines/MetroSupport/UnityEditor.UWP.Extensions.dll
Registered in 0.007802 seconds.
Native extension for UWP target not found
Native extension for WindowsStandalone target not found
[usbmuxd] Start listen thread
[usbmuxd] Listen thread started
[usbmuxd] Send listen message
Native extension for iOS target not found
Refreshing native plugins compatible for Editor in 174.25 ms, found 18 plugins.
Preloading 0 native plugins for Editor in 0.00 ms.
Mono: successfully reloaded assembly
- Completed reload, in  0.732 seconds
Domain Reload Profiling:
	ReloadAssembly (732ms)
		BeginReloadAssembly (68ms)
			ExecutionOrderSort (0ms)
			DisableScriptedObjects (0ms)
			BackupInstance (0ms)
			ReleaseScriptingObjects (0ms)
			CreateAndSetChildDomain (1ms)
		EndReloadAssembly (560ms)
			LoadAssemblies (67ms)
			RebuildTransferFunctionScriptingTraits (0ms)
			SetupTypeCache (112ms)
				TypeCache.Initialize (112ms)
					TypeCache.ScanAssembly (111ms)
				ResolveRequiredComponents (0ms)
			ReleaseScriptCaches (0ms)
			RebuildScriptCaches (26ms)
			SetupLoadedEditorAssemblies (368ms)
				LogAssemblyErrors (0ms)
				InitializePlatformSupportModulesInManaged (25ms)
				SetLoadedEditorAssemblies (6ms)
				RefreshPlugins (174ms)
				BeforeProcessingInitializeOnLoad (1ms)
				ProcessInitializeOnLoadAttributes (121ms)
				ProcessInitializeOnLoadMethodAttributes (41ms)
				AfterProcessingInitializeOnLoad (0ms)
				EditorAssembliesLoaded (0ms)
			ExecutionOrderSort2 (0ms)
			AwakeInstancesAfterBackupRestoration (0ms)
Platform modules already initialized, skipping
Registering precompiled user dll's ...
Registered in 0.011313 seconds.
Begin MonoManager ReloadAssembly
Symbol file LoadedFromMemory doesn't match image C:\Users\Parisa\wkspaces\UserStudy_main\VarjoMRTKProject\Library\PackageCache\com.unity.visualscripting@1.7.8\Editor\VisualScripting.Core\Dependencies\DotNetZip\Unity.VisualScripting.IonicZip.dll
Symbol file LoadedFromMemory doesn't match image C:\Users\Parisa\wkspaces\UserStudy_main\VarjoMRTKProject\Library\PackageCache\com.unity.visualscripting@1.7.8\Editor\VisualScripting.Core\Dependencies\YamlDotNet\Unity.VisualScripting.YamlDotNet.dll
Native extension for UWP target not found
Native extension for WindowsStandalone target not found
Native extension for iOS target not found
Refreshing native plugins compatible for Editor in 157.46 ms, found 18 plugins.
Preloading 0 native plugins for Editor in 0.00 ms.
Package Manager log level set to [2]
[Package Manager] Server::EnsureServerProcessIsRunning -- launch failed, reason: Unity was launched with the -noUpm command-line argument
[Package Manager] UpmClient::Send -- Unable to send message (not connected to UPM process).
[Package Manager] Cannot connect to Unity Package Manager local server
Mono: successfully reloaded assembly
[Package Manager] Server::EnsureServerProcessIsRunning -- launch failed, reason: Unity was launched with the -noUpm command-line argument
[Package Manager] UpmClient::Send -- Unable to send message (not connected to UPM process).
[Package Manager] Cannot connect to Unity Package Manager local server
[Package Manager] Server::EnsureServerProcessIsRunning -- launch failed, reason: Unity was launched with the -noUpm command-line argument
[Package Manager] UpmClient::Send -- Unable to send message (not connected to UPM process).
[Package Manager] Cannot connect to Unity Package Manager local server
- Completed reload, in 12.583 seconds
Domain Reload Profiling:
	ReloadAssembly (12584ms)
		BeginReloadAssembly (115ms)
			ExecutionOrderSort (0ms)
			DisableScriptedObjects (7ms)
			BackupInstance (0ms)
			ReleaseScriptingObjects (0ms)
			CreateAndSetChildDomain (19ms)
		EndReloadAssembly (12269ms)
			LoadAssemblies (8907ms)
			RebuildTransferFunctionScriptingTraits (0ms)
			SetupTypeCache (916ms)
				TypeCache.Initialize (896ms)
					TypeCache.ScanAssembly (892ms)
				ResolveRequiredComponents (21ms)
			ReleaseScriptCaches (1ms)
			RebuildScriptCaches (100ms)
			SetupLoadedEditorAssemblies (2287ms)
				LogAssemblyErrors (0ms)
				InitializePlatformSupportModulesInManaged (18ms)
				SetLoadedEditorAssemblies (6ms)
				RefreshPlugins (158ms)
				BeforeProcessingInitializeOnLoad (169ms)
				ProcessInitializeOnLoadAttributes (809ms)
				ProcessInitializeOnLoadMethodAttributes (1120ms)
				AfterProcessingInitializeOnLoad (8ms)
				EditorAssembliesLoaded (0ms)
			ExecutionOrderSort2 (0ms)
			AwakeInstancesAfterBackupRestoration (8ms)
Platform modules already initialized, skipping
========================================================================
Worker process is ready to serve import requests
Launched and connected shader compiler UnityShaderCompiler.exe after 0.05 seconds
Refreshing native plugins compatible for Editor in 1.54 ms, found 18 plugins.
Preloading 0 native plugins for Editor in 0.00 ms.
Unloading 7894 Unused Serialized files (Serialized files now loaded: 0)
Unloading 60 unused Assets / (354.1 KB). Loaded Objects now: 8368.
Memory consumption went from 1.20 GB to 1.20 GB.
Total: 5.170200 ms (FindLiveObjects: 0.591900 ms CreateObjectMapping: 0.578800 ms MarkObjects: 3.842900 ms  DeleteObjects: 0.156000 ms)

AssetImportParameters requested are different than current active one (requested -> active):
  custom:video-decoder-ogg-theora: a1e56fd34408186e4bbccfd4996cb3dc -> 
  custom:container-muxer-webm: aa71ff27fc2769a1b78a27578f13a17b -> 
  custom:container-demuxer-webm: 4f35f7cbe854078d1ac9338744f61a02 -> 
  custom:video-encoder-webm-vp8: eb34c28f22e8b96e1ab97ce403110664 -> 
  custom:audio-encoder-webm-vorbis: bf7c407c2cedff20999df2af8eb42d56 -> 
  custom:framework-win-MediaFoundation: 216162199b28c13a410421893ffa2e32 -> 
  custom:container-demuxer-ogg: 62fdf1f143b41e24485cea50d1cbac27 -> 
  custom:video-decoder-webm-vp8: 9c59270c3fd7afecdb556c50c9e8de78 -> 
  custom:audio-decoder-ogg-vorbis: bf7c407c2cedff20999df2af8eb42d56 -> 
========================================================================
Received Import Request.
  Time since last request: 208242.325700 seconds.
  path: Assets/Prefabs/Hand Mounted Menu.prefab
  artifactKey: Guid(4a16069169a3edb4fa4e0a2d1c62bf5c) Importer(815301076,1909f56bfc062723c751e8b465ee728b)
Start importing Assets/Prefabs/Hand Mounted Menu.prefab using Guid(4a16069169a3edb4fa4e0a2d1c62bf5c) Importer(815301076,1909f56bfc062723c751e8b465ee728b)  -> (artifact id: '3bad7111c99e8cdfac27f7a351a7b6b1') in 0.394391 seconds 
========================================================================
Received Import Request.
  Time since last request: 3.949066 seconds.
  path: Assets/Prefabs/reset.obj
  artifactKey: Guid(ecfa99771b9fbad44b0d7795b592cbfb) Importer(815301076,1909f56bfc062723c751e8b465ee728b)
Start importing Assets/Prefabs/reset.obj using Guid(ecfa99771b9fbad44b0d7795b592cbfb) Importer(815301076,1909f56bfc062723c751e8b465ee728b)  -> (artifact id: 'f3ca2045602454e56b1b22491b98b13b') in 0.096292 seconds 
========================================================================
Received Import Request.
  Time since last request: 43.999706 seconds.
  path: Assets/Plugins/LeapMotion/Modules/Hands/Materials/MetalHand.mat
  artifactKey: Guid(bf80319dac15241128782f687535d4f7) Importer(815301076,1909f56bfc062723c751e8b465ee728b)
Start importing Assets/Plugins/LeapMotion/Modules/Hands/Materials/MetalHand.mat using Guid(bf80319dac15241128782f687535d4f7) Importer(815301076,1909f56bfc062723c751e8b465ee728b)  -> (artifact id: '57f1c11cff255e3d33be31122d1461a5') in 0.026949 seconds 
========================================================================
Received Import Request.
  Time since last request: 0.000022 seconds.
  path: Assets/Plugins/LeapMotion/Legacy/DetectionExamples/Materials/PinchLineMaterial.mat
  artifactKey: Guid(fb63cfc93595449b8b8a6d75e0cada95) Importer(815301076,1909f56bfc062723c751e8b465ee728b)
Start importing Assets/Plugins/LeapMotion/Legacy/DetectionExamples/Materials/PinchLineMaterial.mat using Guid(fb63cfc93595449b8b8a6d75e0cada95) Importer(815301076,1909f56bfc062723c751e8b465ee728b)  -> (artifact id: 'd3371bf94581ad39706919fe23169abf') in 0.025587 seconds 
========================================================================
Received Import Request.
  Time since last request: 0.000030 seconds.
  path: Assets/Plugins/LeapMotion/Internal/RealtimeGraph/Material/RealtimeGraphMaterial.mat
  artifactKey: Guid(3e57083e98a417b48bf9834eba6d7ba3) Importer(815301076,1909f56bfc062723c751e8b465ee728b)
Start importing Assets/Plugins/LeapMotion/Internal/RealtimeGraph/Material/RealtimeGraphMaterial.mat using Guid(3e57083e98a417b48bf9834eba6d7ba3) Importer(815301076,1909f56bfc062723c751e8b465ee728b)  -> (artifact id: '46820810c9ddf022073e26d34d1de2ab') in 0.026639 seconds 
========================================================================
Received Import Request.
  Time since last request: 0.000029 seconds.
  path: Assets/Plugins/LeapMotion/Modules/InteractionEngine/Examples/3. Interaction Callbacks/Materials/Red Standard.mat
  artifactKey: Guid(51ee002e89aeabf45adc1f83587093ab) Importer(815301076,1909f56bfc062723c751e8b465ee728b)
Start importing Assets/Plugins/LeapMotion/Modules/InteractionEngine/Examples/3. Interaction Callbacks/Materials/Red Standard.mat using Guid(51ee002e89aeabf45adc1f83587093ab) Importer(815301076,1909f56bfc062723c751e8b465ee728b)  -> (artifact id: 'ced3e7ff07205342f1c9957ee8cdd099') in 0.022806 seconds 
========================================================================
Received Import Request.
  Time since last request: 0.000039 seconds.
  path: Assets/Plugins/LeapMotion/Modules/InteractionEngine/Examples/3. Interaction Callbacks/Materials/Red Dark Standard.mat
  artifactKey: Guid(da67de850ecf2ee4ca13ab3720fed439) Importer(815301076,1909f56bfc062723c751e8b465ee728b)
Start importing Assets/Plugins/LeapMotion/Modules/InteractionEngine/Examples/3. Interaction Callbacks/Materials/Red Dark Standard.mat using Guid(da67de850ecf2ee4ca13ab3720fed439) Importer(815301076,1909f56bfc062723c751e8b465ee728b)  -> (artifact id: '0f2225ec4c4fa1d48cfff31c40988bf9') in 0.020384 seconds 
========================================================================
Received Import Request.
  Time since last request: 0.000023 seconds.
  path: Assets/Plugins/LeapMotion/Core/Models/Materials/RightHand.mat
  artifactKey: Guid(6abeee8e66f6d66499ebfabe3071781b) Importer(815301076,1909f56bfc062723c751e8b465ee728b)
Start importing Assets/Plugins/LeapMotion/Core/Models/Materials/RightHand.mat using Guid(6abeee8e66f6d66499ebfabe3071781b) Importer(815301076,1909f56bfc062723c751e8b465ee728b)  -> (artifact id: '74fbf660b7abbc787a6894bc5d01967f') in 0.030497 seconds 
========================================================================
Received Import Request.
  Time since last request: 0.000034 seconds.
  path: Assets/Plugins/LeapMotion/Modules/InteractionEngine/Examples/3. Interaction Callbacks/Models/Materials/No Name.mat
  artifactKey: Guid(0e06bc9005c025b4aa939d31f6e78e20) Importer(815301076,1909f56bfc062723c751e8b465ee728b)
Start importing Assets/Plugins/LeapMotion/Modules/InteractionEngine/Examples/3. Interaction Callbacks/Models/Materials/No Name.mat using Guid(0e06bc9005c025b4aa939d31f6e78e20) Importer(815301076,1909f56bfc062723c751e8b465ee728b)  -> (artifact id: 'c949f151a15be650aabdda2742935e59') in 0.019863 seconds 
========================================================================
Received Import Request.
  Time since last request: 0.000027 seconds.
  path: Assets/Plugins/LeapMotion/Legacy/DetectionExamples/Materials/RedShiny.mat
  artifactKey: Guid(66e97fbc349a749c6be1f12a1f6283b1) Importer(815301076,1909f56bfc062723c751e8b465ee728b)
Start importing Assets/Plugins/LeapMotion/Legacy/DetectionExamples/Materials/RedShiny.mat using Guid(66e97fbc349a749c6be1f12a1f6283b1) Importer(815301076,1909f56bfc062723c751e8b465ee728b)  -> (artifact id: '7f400d0757285b114962eb507f35c03c') in 0.022920 seconds 
========================================================================
Received Import Request.
  Time since last request: 2.524464 seconds.
  path: Assets/Plugins/LeapMotion/Modules/InteractionEngine/Testing/EditorResources/Static Geometry.mat
  artifactKey: Guid(7d691cfd14be7b5499c4abcbc9120bb2) Importer(815301076,1909f56bfc062723c751e8b465ee728b)
Start importing Assets/Plugins/LeapMotion/Modules/InteractionEngine/Testing/EditorResources/Static Geometry.mat using Guid(7d691cfd14be7b5499c4abcbc9120bb2) Importer(815301076,1909f56bfc062723c751e8b465ee728b)  -> (artifact id: '4906e78ae7f1f2d60731f2e07d46a230') in 0.022625 seconds 
========================================================================
Received Import Request.
  Time since last request: 0.000048 seconds.
  path: Assets/Plugins/LeapMotion/Legacy/DetectionExamples/Materials/Surface.mat
  artifactKey: Guid(0584718ba366d46a994848f1796a90ea) Importer(815301076,1909f56bfc062723c751e8b465ee728b)
Start importing Assets/Plugins/LeapMotion/Legacy/DetectionExamples/Materials/Surface.mat using Guid(0584718ba366d46a994848f1796a90ea) Importer(815301076,1909f56bfc062723c751e8b465ee728b)  -> (artifact id: '7e57816835a8c76d9247bc0bd192e3b5') in 0.063990 seconds 
========================================================================
Received Import Request.
  Time since last request: 1.240926 seconds.
  path: Assets/Prefabs/Hand Mounted Menu.prefab
  artifactKey: Guid(4a16069169a3edb4fa4e0a2d1c62bf5c) Importer(815301076,1909f56bfc062723c751e8b465ee728b)
Start importing Assets/Prefabs/Hand Mounted Menu.prefab using Guid(4a16069169a3edb4fa4e0a2d1c62bf5c) Importer(815301076,1909f56bfc062723c751e8b465ee728b)  -> (artifact id: 'e06745d22ac1ba8e5ece0bf73bbed0dc') in 0.059756 seconds 
Editor requested this worker to shutdown with reason: Scaling down because of idle timeout
AssetImportWorker is now disconnected from the server
Process exiting
Exiting without the bug reporter. Application will terminate with return code 0